

  curry
    ✓ curries a single value
    ✓ curries multiple values
    ✓ allows further currying of a curried function
    1) properly reports the length of the curried function
    2) preserves context
    3) supports R.__ placeholder
    4) supports @@functional/placeholder
    ✓ forwards extra arguments

  curry properties
    ✓ curries multiple values (124ms)
    5) curries with placeholder


  5 passing (367ms)
  5 failing

  1) curry
       properly reports the length of the curried function:

      AssertionError [ERR_ASSERTION]: Expected values to be strictly equal:

'0' !== '4'

      + expected - actual

      -0
      +4
      
      at strictEqual (test/shared/eq.js:8:10)
      at Context.eq (test/curry.js:32:5)
      at processImmediate (internal/timers.js:439:21)

  2) curry
       preserves context:

      AssertionError [ERR_ASSERTION]: Expected values to be strictly equal:

'NaN' !== '42'

      + expected - actual

      -NaN
      +42
      
      at strictEqual (test/shared/eq.js:8:10)
      at Context.eq (test/curry.js:45:5)
      at processImmediate (internal/timers.js:439:21)

  3) curry
       supports R.__ placeholder:
     TypeError: g(...) is not a function
      at Context.<anonymous> (test/curry.js:59:8)
      at processImmediate (internal/timers.js:439:21)

  4) curry
       supports @@functional/placeholder:
     TypeError: g(...) is not a function
      at Context.<anonymous> (test/curry.js:89:8)
      at processImmediate (internal/timers.js:439:21)

  5) curry properties
       curries with placeholder:
     TypeError: Failed after 1 tests and 11 shrinks. rngState: 8b8e46acdf12b97503; Counterexample: Function of arity3; {}; []; null; Exception: g(...) is not a function
      at /home/s/repos/services/packages/ramda-tests/ramda/test/curry.js:143:7
      at Object.bind (node_modules/jsverify/lib/functor.js:48:11)
      at test (node_modules/jsverify/lib/jsverify.js:212:20)
      at /home/s/repos/services/packages/ramda-tests/ramda/node_modules/jsverify/lib/jsverify.js:151:13
      at Cons.consFold [as fold] (node_modules/lazy-seq/index.js:225:10)
      at Object.fold (node_modules/lazy-seq/index.js:440:17)
      at shrinkResult (node_modules/jsverify/lib/jsverify.js:150:25)
      at /home/s/repos/services/packages/ramda-tests/ramda/node_modules/jsverify/lib/jsverify.js:233:16
      at Object.bind (node_modules/jsverify/lib/functor.js:63:12)
      at test (node_modules/jsverify/lib/jsverify.js:212:20)
      at /home/s/repos/services/packages/ramda-tests/ramda/node_modules/jsverify/lib/jsverify.js:151:13
      at Cons.consFold [as fold] (node_modules/lazy-seq/index.js:225:10)
      at Object.fold (node_modules/lazy-seq/index.js:440:17)
      at shrinkResult (node_modules/jsverify/lib/jsverify.js:150:25)
      at /home/s/repos/services/packages/ramda-tests/ramda/node_modules/jsverify/lib/jsverify.js:233:16
      at Object.bind (node_modules/jsverify/lib/functor.js:63:12)
      at test (node_modules/jsverify/lib/jsverify.js:212:20)
      at /home/s/repos/services/packages/ramda-tests/ramda/node_modules/jsverify/lib/jsverify.js:151:13
      at Cons.consFold [as fold] (node_modules/lazy-seq/index.js:225:10)
      at Object.fold (node_modules/lazy-seq/index.js:440:17)
      at shrinkResult (node_modules/jsverify/lib/jsverify.js:150:25)
      at /home/s/repos/services/packages/ramda-tests/ramda/node_modules/jsverify/lib/jsverify.js:233:16
      at Object.bind (node_modules/jsverify/lib/functor.js:63:12)
      at test (node_modules/jsverify/lib/jsverify.js:212:20)
      at /home/s/repos/services/packages/ramda-tests/ramda/node_modules/jsverify/lib/jsverify.js:151:13
      at Cons.consFold [as fold] (node_modules/lazy-seq/index.js:225:10)
      at Object.fold (node_modules/lazy-seq/index.js:440:17)
      at shrinkResult (node_modules/jsverify/lib/jsverify.js:150:25)
      at /home/s/repos/services/packages/ramda-tests/ramda/node_modules/jsverify/lib/jsverify.js:233:16
      at Object.bind (node_modules/jsverify/lib/functor.js:63:12)
      at test (node_modules/jsverify/lib/jsverify.js:212:20)
      at /home/s/repos/services/packages/ramda-tests/ramda/node_modules/jsverify/lib/jsverify.js:151:13
      at Cons.consFold [as fold] (node_modules/lazy-seq/index.js:225:10)
      at Object.fold (node_modules/lazy-seq/index.js:440:17)
      at shrinkResult (node_modules/jsverify/lib/jsverify.js:150:25)
      at /home/s/repos/services/packages/ramda-tests/ramda/node_modules/jsverify/lib/jsverify.js:233:16
      at Object.bind (node_modules/jsverify/lib/functor.js:63:12)
      at test (node_modules/jsverify/lib/jsverify.js:212:20)
      at /home/s/repos/services/packages/ramda-tests/ramda/node_modules/jsverify/lib/jsverify.js:151:13
      at Cons.consFold [as fold] (node_modules/lazy-seq/index.js:225:10)
      at Object.fold (node_modules/lazy-seq/index.js:440:17)
      at shrinkResult (node_modules/jsverify/lib/jsverify.js:150:25)
      at /home/s/repos/services/packages/ramda-tests/ramda/node_modules/jsverify/lib/jsverify.js:233:16
      at Object.bind (node_modules/jsverify/lib/functor.js:63:12)
      at test (node_modules/jsverify/lib/jsverify.js:212:20)
      at /home/s/repos/services/packages/ramda-tests/ramda/node_modules/jsverify/lib/jsverify.js:151:13
      at Cons.consFold [as fold] (node_modules/lazy-seq/index.js:225:10)
      at Object.fold (node_modules/lazy-seq/index.js:440:17)
      at shrinkResult (node_modules/jsverify/lib/jsverify.js:150:25)
      at /home/s/repos/services/packages/ramda-tests/ramda/node_modules/jsverify/lib/jsverify.js:233:16
      at Object.bind (node_modules/jsverify/lib/functor.js:63:12)
      at test (node_modules/jsverify/lib/jsverify.js:212:20)
      at /home/s/repos/services/packages/ramda-tests/ramda/node_modules/jsverify/lib/jsverify.js:151:13
      at Cons.consFold [as fold] (node_modules/lazy-seq/index.js:225:10)
      at Object.fold (node_modules/lazy-seq/index.js:440:17)
      at shrinkResult (node_modules/jsverify/lib/jsverify.js:150:25)
      at /home/s/repos/services/packages/ramda-tests/ramda/node_modules/jsverify/lib/jsverify.js:233:16
      at Object.bind (node_modules/jsverify/lib/functor.js:63:12)
      at test (node_modules/jsverify/lib/jsverify.js:212:20)
      at /home/s/repos/services/packages/ramda-tests/ramda/node_modules/jsverify/lib/jsverify.js:151:13
      at Cons.consFold [as fold] (node_modules/lazy-seq/index.js:225:10)
      at Object.fold (node_modules/lazy-seq/index.js:440:17)
      at shrinkResult (node_modules/jsverify/lib/jsverify.js:150:25)
      at /home/s/repos/services/packages/ramda-tests/ramda/node_modules/jsverify/lib/jsverify.js:233:16
      at Object.bind (node_modules/jsverify/lib/functor.js:63:12)
      at test (node_modules/jsverify/lib/jsverify.js:212:20)
      at /home/s/repos/services/packages/ramda-tests/ramda/node_modules/jsverify/lib/jsverify.js:151:13
      at Cons.consFold [as fold] (node_modules/lazy-seq/index.js:225:10)
      at Object.fold (node_modules/lazy-seq/index.js:440:17)
      at shrinkResult (node_modules/jsverify/lib/jsverify.js:150:25)
      at /home/s/repos/services/packages/ramda-tests/ramda/node_modules/jsverify/lib/jsverify.js:233:16
      at Object.bind (node_modules/jsverify/lib/functor.js:63:12)
      at test (node_modules/jsverify/lib/jsverify.js:212:20)
      at /home/s/repos/services/packages/ramda-tests/ramda/node_modules/jsverify/lib/jsverify.js:151:13
      at Cons.consFold [as fold] (node_modules/lazy-seq/index.js:225:10)
      at Object.fold (node_modules/lazy-seq/index.js:440:17)
      at shrinkResult (node_modules/jsverify/lib/jsverify.js:150:25)
      at /home/s/repos/services/packages/ramda-tests/ramda/node_modules/jsverify/lib/jsverify.js:233:16
      at Object.bind (node_modules/jsverify/lib/functor.js:63:12)
      at test (node_modules/jsverify/lib/jsverify.js:212:20)
      at /home/s/repos/services/packages/ramda-tests/ramda/node_modules/jsverify/lib/jsverify.js:240:13
      at loop (node_modules/jsverify/lib/jsverify.js:316:26)
      at check (node_modules/jsverify/lib/jsverify.js:332:34)
      at checkThrow (node_modules/jsverify/lib/jsverify.js:354:34)
      at Context.<anonymous> (node_modules/jsverify/lib/jsverify.js:400:14)
      at processImmediate (internal/timers.js:439:21)



