

  flip
    1) returns a function which inverts the first two arguments to the supplied function
    2) returns a curried function
    3) returns a function with the correct arity

  flip properties
    4) inverts first two arguments


  0 passing (84ms)
  4 failing

  1) flip
       returns a function which inverts the first two arguments to the supplied function:

      AssertionError [ERR_ASSERTION]: Expected values to be strictly equal:
+ actual - expected

+ 'undefined'
- '"b a c"'
      + expected - actual

      -undefined
      +"b a c"
      
      at strictEqual (test/shared/eq.js:8:10)
      at Context.eq (test/flip.js:13:5)
      at processImmediate (internal/timers.js:439:21)

  2) flip
       returns a curried function:

      AssertionError [ERR_ASSERTION]: Expected values to be strictly equal:
+ actual - expected

+ '"b a undefined"'
- '"b a c"'
        ^
      + expected - actual

      -"b a undefined"
      +"b a c"
      
      at strictEqual (test/shared/eq.js:8:10)
      at Context.eq (test/flip.js:19:5)
      at processImmediate (internal/timers.js:439:21)

  3) flip
       returns a function with the correct arity:

      AssertionError [ERR_ASSERTION]: Expected values to be strictly equal:

'0' !== '2'

      + expected - actual

      -0
      +2
      
      at strictEqual (test/shared/eq.js:8:10)
      at Context.eq (test/flip.js:25:5)
      at processImmediate (internal/timers.js:439:21)

  4) flip properties
       inverts first two arguments:
     Error: Failed after 1 tests and 2 shrinks. rngState: 00f2683c471a9b05de; Counterexample: Function of arity3; {}; []; 0; 
      at /home/s/repos/services/packages/ramda-tests/ramda/node_modules/jsverify/lib/jsverify.js:360:15
      at Object.map (node_modules/jsverify/lib/functor.js:35:12)
      at checkThrow (node_modules/jsverify/lib/jsverify.js:354:30)
      at Context.<anonymous> (node_modules/jsverify/lib/jsverify.js:400:14)
      at processImmediate (internal/timers.js:439:21)



