{"/home/august/projects/open-source/rambda/rambda.js": {"path":"/home/august/projects/open-source/rambda/rambda.js","statementMap":{"0":{"start":{"line":1,"column":0},"end":{"line":1,"column":38}},"1":{"start":{"line":2,"column":0},"end":{"line":2,"column":48}},"2":{"start":{"line":3,"column":0},"end":{"line":3,"column":38}},"3":{"start":{"line":4,"column":0},"end":{"line":4,"column":44}},"4":{"start":{"line":5,"column":0},"end":{"line":5,"column":44}},"5":{"start":{"line":6,"column":0},"end":{"line":6,"column":46}},"6":{"start":{"line":7,"column":0},"end":{"line":7,"column":48}},"7":{"start":{"line":8,"column":0},"end":{"line":8,"column":42}},"8":{"start":{"line":9,"column":0},"end":{"line":9,"column":50}},"9":{"start":{"line":10,"column":0},"end":{"line":10,"column":40}},"10":{"start":{"line":11,"column":0},"end":{"line":11,"column":48}},"11":{"start":{"line":12,"column":0},"end":{"line":12,"column":44}},"12":{"start":{"line":13,"column":0},"end":{"line":13,"column":44}},"13":{"start":{"line":14,"column":0},"end":{"line":14,"column":40}},"14":{"start":{"line":15,"column":0},"end":{"line":15,"column":50}},"15":{"start":{"line":16,"column":0},"end":{"line":16,"column":46}},"16":{"start":{"line":17,"column":0},"end":{"line":17,"column":38}},"17":{"start":{"line":18,"column":0},"end":{"line":18,"column":40}},"18":{"start":{"line":19,"column":0},"end":{"line":19,"column":46}},"19":{"start":{"line":20,"column":0},"end":{"line":20,"column":40}},"20":{"start":{"line":21,"column":0},"end":{"line":21,"column":40}},"21":{"start":{"line":22,"column":0},"end":{"line":22,"column":40}},"22":{"start":{"line":23,"column":0},"end":{"line":23,"column":44}},"23":{"start":{"line":24,"column":0},"end":{"line":24,"column":38}},"24":{"start":{"line":25,"column":0},"end":{"line":25,"column":42}},"25":{"start":{"line":26,"column":0},"end":{"line":26,"column":42}},"26":{"start":{"line":27,"column":0},"end":{"line":27,"column":40}},"27":{"start":{"line":28,"column":0},"end":{"line":28,"column":40}},"28":{"start":{"line":29,"column":0},"end":{"line":29,"column":56}},"29":{"start":{"line":30,"column":0},"end":{"line":30,"column":40}},"30":{"start":{"line":31,"column":0},"end":{"line":31,"column":42}},"31":{"start":{"line":32,"column":0},"end":{"line":32,"column":46}},"32":{"start":{"line":33,"column":0},"end":{"line":33,"column":40}},"33":{"start":{"line":34,"column":0},"end":{"line":34,"column":44}},"34":{"start":{"line":35,"column":0},"end":{"line":35,"column":42}},"35":{"start":{"line":36,"column":0},"end":{"line":36,"column":44}},"36":{"start":{"line":37,"column":0},"end":{"line":37,"column":46}},"37":{"start":{"line":38,"column":0},"end":{"line":38,"column":40}},"38":{"start":{"line":39,"column":0},"end":{"line":39,"column":44}},"39":{"start":{"line":40,"column":0},"end":{"line":40,"column":42}},"40":{"start":{"line":41,"column":0},"end":{"line":41,"column":52}},"41":{"start":{"line":42,"column":0},"end":{"line":42,"column":48}},"42":{"start":{"line":43,"column":0},"end":{"line":43,"column":40}},"43":{"start":{"line":44,"column":0},"end":{"line":44,"column":40}},"44":{"start":{"line":45,"column":0},"end":{"line":45,"column":48}},"45":{"start":{"line":46,"column":0},"end":{"line":46,"column":42}},"46":{"start":{"line":47,"column":0},"end":{"line":47,"column":46}},"47":{"start":{"line":48,"column":0},"end":{"line":48,"column":46}},"48":{"start":{"line":49,"column":0},"end":{"line":49,"column":40}},"49":{"start":{"line":50,"column":0},"end":{"line":50,"column":40}},"50":{"start":{"line":51,"column":0},"end":{"line":51,"column":40}},"51":{"start":{"line":52,"column":0},"end":{"line":52,"column":44}},"52":{"start":{"line":53,"column":0},"end":{"line":53,"column":44}},"53":{"start":{"line":54,"column":0},"end":{"line":54,"column":44}}},"fnMap":{},"branchMap":{},"s":{"0":54,"1":54,"2":54,"3":54,"4":54,"5":54,"6":54,"7":54,"8":54,"9":54,"10":54,"11":54,"12":54,"13":54,"14":54,"15":54,"16":54,"17":54,"18":54,"19":54,"20":54,"21":54,"22":54,"23":54,"24":54,"25":54,"26":54,"27":54,"28":54,"29":54,"30":54,"31":54,"32":54,"33":54,"34":54,"35":54,"36":54,"37":54,"38":54,"39":54,"40":54,"41":54,"42":54,"43":54,"44":54,"45":54,"46":54,"47":54,"48":54,"49":54,"50":54,"51":54,"52":54,"53":54},"f":{},"b":{},"_coverageSchema":"332fd63041d2c1bcb487cc26dd0d5f7d97098a6c","hash":"9ddeeb961c967d089056b4cd2e5edcd0cc06f1fc"}
,"/home/august/projects/open-source/rambda/modules/add.js": {"path":"/home/august/projects/open-source/rambda/modules/add.js","statementMap":{"0":{"start":{"line":2,"column":2},"end":{"line":4,"column":3}},"1":{"start":{"line":3,"column":4},"end":{"line":3,"column":28}},"2":{"start":{"line":6,"column":2},"end":{"line":6,"column":14}},"3":{"start":{"line":9,"column":0},"end":{"line":9,"column":20}}},"fnMap":{"0":{"name":"add","decl":{"start":{"line":1,"column":9},"end":{"line":1,"column":12}},"loc":{"start":{"line":1,"column":18},"end":{"line":7,"column":1}},"line":1}},"branchMap":{"0":{"loc":{"start":{"line":2,"column":2},"end":{"line":4,"column":3}},"type":"if","locations":[{"start":{"line":2,"column":2},"end":{"line":4,"column":3}},{"start":{"line":2,"column":2},"end":{"line":4,"column":3}}],"line":2}},"s":{"0":21,"1":8,"2":13,"3":54},"f":{"0":21},"b":{"0":[8,13]},"_coverageSchema":"332fd63041d2c1bcb487cc26dd0d5f7d97098a6c","hash":"525cd9e3803072302890a3cb11e78129210811a5"}
,"/home/august/projects/open-source/rambda/modules/addIndex.js": {"path":"/home/august/projects/open-source/rambda/modules/addIndex.js","statementMap":{"0":{"start":{"line":2,"column":2},"end":{"line":6,"column":3}},"1":{"start":{"line":3,"column":14},"end":{"line":3,"column":15}},"2":{"start":{"line":4,"column":18},"end":{"line":4,"column":63}},"3":{"start":{"line":4,"column":31},"end":{"line":4,"column":63}},"4":{"start":{"line":5,"column":4},"end":{"line":5,"column":48}},"5":{"start":{"line":9,"column":0},"end":{"line":9,"column":25}}},"fnMap":{"0":{"name":"addIndex","decl":{"start":{"line":1,"column":9},"end":{"line":1,"column":17}},"loc":{"start":{"line":1,"column":26},"end":{"line":7,"column":1}},"line":1},"1":{"name":"(anonymous_1)","decl":{"start":{"line":2,"column":9},"end":{"line":2,"column":10}},"loc":{"start":{"line":2,"column":31},"end":{"line":6,"column":3}},"line":2},"2":{"name":"(anonymous_2)","decl":{"start":{"line":4,"column":18},"end":{"line":4,"column":19}},"loc":{"start":{"line":4,"column":31},"end":{"line":4,"column":63}},"line":4}},"branchMap":{},"s":{"0":2,"1":2,"2":2,"3":4,"4":2,"5":54},"f":{"0":2,"1":2,"2":4},"b":{},"_coverageSchema":"332fd63041d2c1bcb487cc26dd0d5f7d97098a6c","hash":"a71f38fbb0cf698b50ab9f39649f605f12febba1"}
,"/home/august/projects/open-source/rambda/modules/adjust.js": {"path":"/home/august/projects/open-source/rambda/modules/adjust.js","statementMap":{"0":{"start":{"line":2,"column":2},"end":{"line":6,"column":3}},"1":{"start":{"line":3,"column":4},"end":{"line":3,"column":32}},"2":{"start":{"line":4,"column":9},"end":{"line":6,"column":3}},"3":{"start":{"line":5,"column":4},"end":{"line":5,"column":39}},"4":{"start":{"line":7,"column":2},"end":{"line":9,"column":3}},"5":{"start":{"line":8,"column":4},"end":{"line":8,"column":15}},"6":{"start":{"line":10,"column":20},"end":{"line":10,"column":31}},"7":{"start":{"line":11,"column":2},"end":{"line":11,"column":41}},"8":{"start":{"line":13,"column":2},"end":{"line":13,"column":19}},"9":{"start":{"line":16,"column":0},"end":{"line":16,"column":23}}},"fnMap":{"0":{"name":"adjust","decl":{"start":{"line":1,"column":9},"end":{"line":1,"column":15}},"loc":{"start":{"line":1,"column":31},"end":{"line":14,"column":1}},"line":1}},"branchMap":{"0":{"loc":{"start":{"line":2,"column":2},"end":{"line":6,"column":3}},"type":"if","locations":[{"start":{"line":2,"column":2},"end":{"line":6,"column":3}},{"start":{"line":2,"column":2},"end":{"line":6,"column":3}}],"line":2},"1":{"loc":{"start":{"line":4,"column":9},"end":{"line":6,"column":3}},"type":"if","locations":[{"start":{"line":4,"column":9},"end":{"line":6,"column":3}},{"start":{"line":4,"column":9},"end":{"line":6,"column":3}}],"line":4},"2":{"loc":{"start":{"line":7,"column":2},"end":{"line":9,"column":3}},"type":"if","locations":[{"start":{"line":7,"column":2},"end":{"line":9,"column":3}},{"start":{"line":7,"column":2},"end":{"line":9,"column":3}}],"line":7}},"s":{"0":10,"1":2,"2":8,"3":3,"4":5,"5":0,"6":5,"7":5,"8":5,"9":54},"f":{"0":10},"b":{"0":[2,8],"1":[3,5],"2":[0,5]},"_coverageSchema":"332fd63041d2c1bcb487cc26dd0d5f7d97098a6c","hash":"25d9161a73deb01c47974d5afdb4fb4335aa1867"}
,"/home/august/projects/open-source/rambda/modules/any.js": {"path":"/home/august/projects/open-source/rambda/modules/any.js","statementMap":{"0":{"start":{"line":2,"column":2},"end":{"line":4,"column":3}},"1":{"start":{"line":3,"column":4},"end":{"line":3,"column":36}},"2":{"start":{"line":3,"column":21},"end":{"line":3,"column":36}},"3":{"start":{"line":6,"column":16},"end":{"line":6,"column":17}},"4":{"start":{"line":7,"column":2},"end":{"line":12,"column":3}},"5":{"start":{"line":8,"column":4},"end":{"line":10,"column":5}},"6":{"start":{"line":9,"column":6},"end":{"line":9,"column":17}},"7":{"start":{"line":11,"column":4},"end":{"line":11,"column":13}},"8":{"start":{"line":14,"column":2},"end":{"line":14,"column":14}},"9":{"start":{"line":17,"column":0},"end":{"line":17,"column":20}}},"fnMap":{"0":{"name":"any","decl":{"start":{"line":1,"column":9},"end":{"line":1,"column":12}},"loc":{"start":{"line":1,"column":21},"end":{"line":15,"column":1}},"line":1},"1":{"name":"(anonymous_1)","decl":{"start":{"line":3,"column":11},"end":{"line":3,"column":12}},"loc":{"start":{"line":3,"column":21},"end":{"line":3,"column":36}},"line":3}},"branchMap":{"0":{"loc":{"start":{"line":2,"column":2},"end":{"line":4,"column":3}},"type":"if","locations":[{"start":{"line":2,"column":2},"end":{"line":4,"column":3}},{"start":{"line":2,"column":2},"end":{"line":4,"column":3}}],"line":2},"1":{"loc":{"start":{"line":8,"column":4},"end":{"line":10,"column":5}},"type":"if","locations":[{"start":{"line":8,"column":4},"end":{"line":10,"column":5}},{"start":{"line":8,"column":4},"end":{"line":10,"column":5}}],"line":8}},"s":{"0":4,"1":2,"2":2,"3":2,"4":2,"5":3,"6":1,"7":2,"8":1,"9":54},"f":{"0":4,"1":2},"b":{"0":[2,2],"1":[1,2]},"_coverageSchema":"332fd63041d2c1bcb487cc26dd0d5f7d97098a6c","hash":"32e689f53fafd3cde35d5c1f03b940e9bab73c59"}
,"/home/august/projects/open-source/rambda/modules/append.js": {"path":"/home/august/projects/open-source/rambda/modules/append.js","statementMap":{"0":{"start":{"line":2,"column":2},"end":{"line":4,"column":3}},"1":{"start":{"line":3,"column":4},"end":{"line":3,"column":40}},"2":{"start":{"line":3,"column":21},"end":{"line":3,"column":40}},"3":{"start":{"line":5,"column":16},"end":{"line":5,"column":28}},"4":{"start":{"line":6,"column":2},"end":{"line":6,"column":17}},"5":{"start":{"line":8,"column":2},"end":{"line":8,"column":14}},"6":{"start":{"line":11,"column":0},"end":{"line":11,"column":23}}},"fnMap":{"0":{"name":"append","decl":{"start":{"line":1,"column":9},"end":{"line":1,"column":15}},"loc":{"start":{"line":1,"column":27},"end":{"line":9,"column":1}},"line":1},"1":{"name":"(anonymous_1)","decl":{"start":{"line":3,"column":11},"end":{"line":3,"column":12}},"loc":{"start":{"line":3,"column":21},"end":{"line":3,"column":40}},"line":3}},"branchMap":{"0":{"loc":{"start":{"line":2,"column":2},"end":{"line":4,"column":3}},"type":"if","locations":[{"start":{"line":2,"column":2},"end":{"line":4,"column":3}},{"start":{"line":2,"column":2},"end":{"line":4,"column":3}}],"line":2}},"s":{"0":10,"1":2,"2":4,"3":8,"4":8,"5":8,"6":54},"f":{"0":10,"1":4},"b":{"0":[2,8]},"_coverageSchema":"332fd63041d2c1bcb487cc26dd0d5f7d97098a6c","hash":"ff3a9fdcc7b59919a461cc27f3ba090209b47dc9"}
,"/home/august/projects/open-source/rambda/modules/baseSlice.js": {"path":"/home/august/projects/open-source/rambda/modules/baseSlice.js","statementMap":{"0":{"start":{"line":2,"column":14},"end":{"line":2,"column":16}},"1":{"start":{"line":3,"column":15},"end":{"line":3,"column":27}},"2":{"start":{"line":5,"column":2},"end":{"line":5,"column":35}},"3":{"start":{"line":6,"column":2},"end":{"line":8,"column":3}},"4":{"start":{"line":7,"column":4},"end":{"line":7,"column":17}},"5":{"start":{"line":9,"column":2},"end":{"line":9,"column":46}},"6":{"start":{"line":10,"column":2},"end":{"line":10,"column":14}},"7":{"start":{"line":12,"column":17},"end":{"line":12,"column":30}},"8":{"start":{"line":13,"column":2},"end":{"line":15,"column":3}},"9":{"start":{"line":14,"column":4},"end":{"line":14,"column":44}},"10":{"start":{"line":17,"column":2},"end":{"line":17,"column":15}},"11":{"start":{"line":20,"column":0},"end":{"line":20,"column":26}}},"fnMap":{"0":{"name":"baseSlice","decl":{"start":{"line":1,"column":9},"end":{"line":1,"column":18}},"loc":{"start":{"line":1,"column":38},"end":{"line":18,"column":1}},"line":1}},"branchMap":{"0":{"loc":{"start":{"line":5,"column":8},"end":{"line":5,"column":35}},"type":"cond-expr","locations":[{"start":{"line":5,"column":23},"end":{"line":5,"column":29}},{"start":{"line":5,"column":32},"end":{"line":5,"column":35}}],"line":5},"1":{"loc":{"start":{"line":6,"column":2},"end":{"line":8,"column":3}},"type":"if","locations":[{"start":{"line":6,"column":2},"end":{"line":8,"column":3}},{"start":{"line":6,"column":2},"end":{"line":8,"column":3}}],"line":6},"2":{"loc":{"start":{"line":9,"column":11},"end":{"line":9,"column":46}},"type":"cond-expr","locations":[{"start":{"line":9,"column":25},"end":{"line":9,"column":26}},{"start":{"line":9,"column":29},"end":{"line":9,"column":46}}],"line":9}},"s":{"0":15,"1":15,"2":15,"3":15,"4":5,"5":15,"6":15,"7":15,"8":15,"9":31,"10":15,"11":54},"f":{"0":15},"b":{"0":[1,14],"1":[5,10],"2":[0,15]},"_coverageSchema":"332fd63041d2c1bcb487cc26dd0d5f7d97098a6c","hash":"af8c58bdfb6a30e3213c0dfaedcc0bc298586ec6"}
,"/home/august/projects/open-source/rambda/modules/compose.js": {"path":"/home/august/projects/open-source/rambda/modules/compose.js","statementMap":{"0":{"start":{"line":2,"column":16},"end":{"line":11,"column":3}},"1":{"start":{"line":3,"column":2},"end":{"line":11,"column":3}},"2":{"start":{"line":4,"column":15},"end":{"line":4,"column":26}},"3":{"start":{"line":6,"column":4},"end":{"line":8,"column":5}},"4":{"start":{"line":7,"column":6},"end":{"line":7,"column":33}},"5":{"start":{"line":10,"column":4},"end":{"line":10,"column":17}},"6":{"start":{"line":13,"column":0},"end":{"line":13,"column":24}}},"fnMap":{"0":{"name":"(anonymous_0)","decl":{"start":{"line":2,"column":16},"end":{"line":2,"column":17}},"loc":{"start":{"line":3,"column":2},"end":{"line":11,"column":3}},"line":3},"1":{"name":"(anonymous_1)","decl":{"start":{"line":3,"column":2},"end":{"line":3,"column":3}},"loc":{"start":{"line":3,"column":12},"end":{"line":11,"column":3}},"line":3}},"branchMap":{},"s":{"0":54,"1":9,"2":14,"3":14,"4":35,"5":14,"6":54},"f":{"0":9,"1":14},"b":{},"_coverageSchema":"332fd63041d2c1bcb487cc26dd0d5f7d97098a6c","hash":"e773433d9a95efbb7425f9ffcec9246d30e27fd7"}
,"/home/august/projects/open-source/rambda/modules/contains.js": {"path":"/home/august/projects/open-source/rambda/modules/contains.js","statementMap":{"0":{"start":{"line":1,"column":15},"end":{"line":1,"column":34}},"1":{"start":{"line":4,"column":2},"end":{"line":6,"column":3}},"2":{"start":{"line":5,"column":4},"end":{"line":5,"column":42}},"3":{"start":{"line":5,"column":21},"end":{"line":5,"column":42}},"4":{"start":{"line":8,"column":14},"end":{"line":8,"column":16}},"5":{"start":{"line":9,"column":13},"end":{"line":9,"column":18}},"6":{"start":{"line":10,"column":2},"end":{"line":14,"column":3}},"7":{"start":{"line":11,"column":4},"end":{"line":13,"column":5}},"8":{"start":{"line":12,"column":6},"end":{"line":12,"column":17}},"9":{"start":{"line":16,"column":2},"end":{"line":16,"column":13}},"10":{"start":{"line":19,"column":0},"end":{"line":19,"column":25}}},"fnMap":{"0":{"name":"contains","decl":{"start":{"line":3,"column":9},"end":{"line":3,"column":17}},"loc":{"start":{"line":3,"column":28},"end":{"line":17,"column":1}},"line":3},"1":{"name":"(anonymous_1)","decl":{"start":{"line":5,"column":11},"end":{"line":5,"column":12}},"loc":{"start":{"line":5,"column":21},"end":{"line":5,"column":42}},"line":5}},"branchMap":{"0":{"loc":{"start":{"line":4,"column":2},"end":{"line":6,"column":3}},"type":"if","locations":[{"start":{"line":4,"column":2},"end":{"line":6,"column":3}},{"start":{"line":4,"column":2},"end":{"line":6,"column":3}}],"line":4},"1":{"loc":{"start":{"line":10,"column":9},"end":{"line":10,"column":38}},"type":"binary-expr","locations":[{"start":{"line":10,"column":9},"end":{"line":10,"column":29}},{"start":{"line":10,"column":33},"end":{"line":10,"column":38}}],"line":10},"2":{"loc":{"start":{"line":11,"column":4},"end":{"line":13,"column":5}},"type":"if","locations":[{"start":{"line":11,"column":4},"end":{"line":13,"column":5}},{"start":{"line":11,"column":4},"end":{"line":13,"column":5}}],"line":11}},"s":{"0":54,"1":18,"2":1,"3":1,"4":17,"5":17,"6":17,"7":26,"8":9,"9":17,"10":54},"f":{"0":18,"1":1},"b":{"0":[1,17],"1":[43,29],"2":[9,17]},"_coverageSchema":"332fd63041d2c1bcb487cc26dd0d5f7d97098a6c","hash":"4b303673aaeca740ba96fc503b118a312a84a9c9"}
,"/home/august/projects/open-source/rambda/modules/curry.js": {"path":"/home/august/projects/open-source/rambda/modules/curry.js","statementMap":{"0":{"start":{"line":4,"column":2},"end":{"line":4,"column":84}},"1":{"start":{"line":4,"column":19},"end":{"line":4,"column":84}},"2":{"start":{"line":4,"column":25},"end":{"line":4,"column":69}},"3":{"start":{"line":7,"column":0},"end":{"line":7,"column":22}}},"fnMap":{"0":{"name":"curry","decl":{"start":{"line":3,"column":9},"end":{"line":3,"column":14}},"loc":{"start":{"line":3,"column":25},"end":{"line":5,"column":1}},"line":3},"1":{"name":"(anonymous_1)","decl":{"start":{"line":4,"column":9},"end":{"line":4,"column":10}},"loc":{"start":{"line":4,"column":19},"end":{"line":4,"column":84}},"line":4},"2":{"name":"(anonymous_2)","decl":{"start":{"line":4,"column":20},"end":{"line":4,"column":21}},"loc":{"start":{"line":4,"column":25},"end":{"line":4,"column":69}},"line":4}},"branchMap":{"0":{"loc":{"start":{"line":3,"column":18},"end":{"line":3,"column":24}},"type":"default-arg","locations":[{"start":{"line":3,"column":22},"end":{"line":3,"column":24}}],"line":3},"1":{"loc":{"start":{"line":4,"column":25},"end":{"line":4,"column":69}},"type":"cond-expr","locations":[{"start":{"line":4,"column":48},"end":{"line":4,"column":55}},{"start":{"line":4,"column":58},"end":{"line":4,"column":69}}],"line":4}},"s":{"0":5,"1":7,"2":7,"3":54},"f":{"0":5,"1":7,"2":7},"b":{"0":[3],"1":[5,2]},"_coverageSchema":"332fd63041d2c1bcb487cc26dd0d5f7d97098a6c","hash":"fb7fe24ad6d1bf4feb15f41b11cdd93546b39b46"}
,"/home/august/projects/open-source/rambda/modules/defaultTo.js": {"path":"/home/august/projects/open-source/rambda/modules/defaultTo.js","statementMap":{"0":{"start":{"line":1,"column":13},"end":{"line":1,"column":30}},"1":{"start":{"line":4,"column":2},"end":{"line":6,"column":3}},"2":{"start":{"line":5,"column":4},"end":{"line":5,"column":80}},"3":{"start":{"line":5,"column":34},"end":{"line":5,"column":80}},"4":{"start":{"line":7,"column":2},"end":{"line":9,"column":17}},"5":{"start":{"line":12,"column":0},"end":{"line":12,"column":26}}},"fnMap":{"0":{"name":"defaultTo","decl":{"start":{"line":3,"column":9},"end":{"line":3,"column":18}},"loc":{"start":{"line":3,"column":50},"end":{"line":10,"column":1}},"line":3},"1":{"name":"(anonymous_1)","decl":{"start":{"line":5,"column":11},"end":{"line":5,"column":12}},"loc":{"start":{"line":5,"column":34},"end":{"line":5,"column":80}},"line":5}},"branchMap":{"0":{"loc":{"start":{"line":4,"column":2},"end":{"line":6,"column":3}},"type":"if","locations":[{"start":{"line":4,"column":2},"end":{"line":6,"column":3}},{"start":{"line":4,"column":2},"end":{"line":6,"column":3}}],"line":4},"1":{"loc":{"start":{"line":7,"column":9},"end":{"line":9,"column":17}},"type":"cond-expr","locations":[{"start":{"line":8,"column":4},"end":{"line":8,"column":19}},{"start":{"line":9,"column":4},"end":{"line":9,"column":17}}],"line":7},"2":{"loc":{"start":{"line":7,"column":9},"end":{"line":7,"column":86}},"type":"binary-expr","locations":[{"start":{"line":7,"column":9},"end":{"line":7,"column":36}},{"start":{"line":7,"column":40},"end":{"line":7,"column":86}}],"line":7}},"s":{"0":54,"1":6,"2":1,"3":1,"4":5,"5":54},"f":{"0":6,"1":1},"b":{"0":[1,5],"1":[4,1],"2":[5,3]},"_coverageSchema":"332fd63041d2c1bcb487cc26dd0d5f7d97098a6c","hash":"be1f2336251f5afbe53548f655e1dd2c7c2d95a6"}
,"/home/august/projects/open-source/rambda/modules/drop.js": {"path":"/home/august/projects/open-source/rambda/modules/drop.js","statementMap":{"0":{"start":{"line":2,"column":2},"end":{"line":4,"column":3}},"1":{"start":{"line":3,"column":4},"end":{"line":3,"column":45}},"2":{"start":{"line":3,"column":21},"end":{"line":3,"column":45}},"3":{"start":{"line":6,"column":2},"end":{"line":6,"column":28}},"4":{"start":{"line":9,"column":0},"end":{"line":9,"column":21}}},"fnMap":{"0":{"name":"drop","decl":{"start":{"line":1,"column":9},"end":{"line":1,"column":13}},"loc":{"start":{"line":1,"column":28},"end":{"line":7,"column":1}},"line":1},"1":{"name":"(anonymous_1)","decl":{"start":{"line":3,"column":11},"end":{"line":3,"column":12}},"loc":{"start":{"line":3,"column":21},"end":{"line":3,"column":45}},"line":3}},"branchMap":{"0":{"loc":{"start":{"line":2,"column":2},"end":{"line":4,"column":3}},"type":"if","locations":[{"start":{"line":2,"column":2},"end":{"line":4,"column":3}},{"start":{"line":2,"column":2},"end":{"line":4,"column":3}}],"line":2}},"s":{"0":15,"1":1,"2":1,"3":14,"4":54},"f":{"0":15,"1":1},"b":{"0":[1,14]},"_coverageSchema":"332fd63041d2c1bcb487cc26dd0d5f7d97098a6c","hash":"8d7aea769fdcaa267440b8750c2adb104567e0aa"}
,"/home/august/projects/open-source/rambda/modules/dropLast.js": {"path":"/home/august/projects/open-source/rambda/modules/dropLast.js","statementMap":{"0":{"start":{"line":2,"column":2},"end":{"line":4,"column":3}},"1":{"start":{"line":3,"column":4},"end":{"line":3,"column":49}},"2":{"start":{"line":3,"column":21},"end":{"line":3,"column":49}},"3":{"start":{"line":6,"column":2},"end":{"line":6,"column":32}},"4":{"start":{"line":9,"column":0},"end":{"line":9,"column":25}}},"fnMap":{"0":{"name":"dropLast","decl":{"start":{"line":1,"column":9},"end":{"line":1,"column":17}},"loc":{"start":{"line":1,"column":32},"end":{"line":7,"column":1}},"line":1},"1":{"name":"(anonymous_1)","decl":{"start":{"line":3,"column":11},"end":{"line":3,"column":12}},"loc":{"start":{"line":3,"column":21},"end":{"line":3,"column":49}},"line":3}},"branchMap":{"0":{"loc":{"start":{"line":2,"column":2},"end":{"line":4,"column":3}},"type":"if","locations":[{"start":{"line":2,"column":2},"end":{"line":4,"column":3}},{"start":{"line":2,"column":2},"end":{"line":4,"column":3}}],"line":2}},"s":{"0":6,"1":1,"2":1,"3":5,"4":54},"f":{"0":6,"1":1},"b":{"0":[1,5]},"_coverageSchema":"332fd63041d2c1bcb487cc26dd0d5f7d97098a6c","hash":"de0839555dacc51ab039cf367a3fd4983f54878e"}
,"/home/august/projects/open-source/rambda/modules/equals.js": {"path":"/home/august/projects/open-source/rambda/modules/equals.js","statementMap":{"0":{"start":{"line":1,"column":13},"end":{"line":1,"column":30}},"1":{"start":{"line":4,"column":2},"end":{"line":10,"column":3}},"2":{"start":{"line":6,"column":4},"end":{"line":6,"column":38}},"3":{"start":{"line":6,"column":21},"end":{"line":6,"column":38}},"4":{"start":{"line":7,"column":9},"end":{"line":10,"column":3}},"5":{"start":{"line":9,"column":4},"end":{"line":9,"column":37}},"6":{"start":{"line":11,"column":16},"end":{"line":11,"column":23}},"7":{"start":{"line":12,"column":2},"end":{"line":14,"column":3}},"8":{"start":{"line":13,"column":4},"end":{"line":13,"column":16}},"9":{"start":{"line":16,"column":2},"end":{"line":21,"column":3}},"10":{"start":{"line":17,"column":19},"end":{"line":17,"column":32}},"11":{"start":{"line":18,"column":19},"end":{"line":18,"column":32}},"12":{"start":{"line":20,"column":4},"end":{"line":20,"column":64}},"13":{"start":{"line":23,"column":2},"end":{"line":56,"column":3}},"14":{"start":{"line":24,"column":18},"end":{"line":24,"column":32}},"15":{"start":{"line":25,"column":4},"end":{"line":55,"column":5}},"16":{"start":{"line":26,"column":6},"end":{"line":28,"column":7}},"17":{"start":{"line":27,"column":8},"end":{"line":27,"column":19}},"18":{"start":{"line":29,"column":17},"end":{"line":29,"column":21}},"19":{"start":{"line":30,"column":6},"end":{"line":52,"column":8}},"20":{"start":{"line":31,"column":8},"end":{"line":51,"column":9}},"21":{"start":{"line":32,"column":27},"end":{"line":32,"column":41}},"22":{"start":{"line":33,"column":27},"end":{"line":33,"column":41}},"23":{"start":{"line":34,"column":10},"end":{"line":50,"column":11}},"24":{"start":{"line":35,"column":12},"end":{"line":47,"column":13}},"25":{"start":{"line":36,"column":14},"end":{"line":44,"column":15}},"26":{"start":{"line":37,"column":16},"end":{"line":41,"column":17}},"27":{"start":{"line":38,"column":18},"end":{"line":40,"column":19}},"28":{"start":{"line":39,"column":20},"end":{"line":39,"column":32}},"29":{"start":{"line":43,"column":16},"end":{"line":43,"column":28}},"30":{"start":{"line":45,"column":19},"end":{"line":47,"column":13}},"31":{"start":{"line":46,"column":14},"end":{"line":46,"column":26}},"32":{"start":{"line":49,"column":12},"end":{"line":49,"column":24}},"33":{"start":{"line":54,"column":6},"end":{"line":54,"column":17}},"34":{"start":{"line":58,"column":2},"end":{"line":58,"column":14}},"35":{"start":{"line":61,"column":0},"end":{"line":61,"column":23}}},"fnMap":{"0":{"name":"equals","decl":{"start":{"line":3,"column":9},"end":{"line":3,"column":15}},"loc":{"start":{"line":3,"column":22},"end":{"line":59,"column":1}},"line":3},"1":{"name":"(anonymous_1)","decl":{"start":{"line":6,"column":11},"end":{"line":6,"column":12}},"loc":{"start":{"line":6,"column":21},"end":{"line":6,"column":38}},"line":6},"2":{"name":"(anonymous_2)","decl":{"start":{"line":30,"column":16},"end":{"line":30,"column":17}},"loc":{"start":{"line":30,"column":23},"end":{"line":52,"column":7}},"line":30}},"branchMap":{"0":{"loc":{"start":{"line":4,"column":2},"end":{"line":10,"column":3}},"type":"if","locations":[{"start":{"line":4,"column":2},"end":{"line":10,"column":3}},{"start":{"line":4,"column":2},"end":{"line":10,"column":3}}],"line":4},"1":{"loc":{"start":{"line":7,"column":9},"end":{"line":10,"column":3}},"type":"if","locations":[{"start":{"line":7,"column":9},"end":{"line":10,"column":3}},{"start":{"line":7,"column":9},"end":{"line":10,"column":3}}],"line":7},"2":{"loc":{"start":{"line":9,"column":11},"end":{"line":9,"column":37}},"type":"binary-expr","locations":[{"start":{"line":9,"column":11},"end":{"line":9,"column":18}},{"start":{"line":9,"column":22},"end":{"line":9,"column":37}}],"line":9},"3":{"loc":{"start":{"line":12,"column":2},"end":{"line":14,"column":3}},"type":"if","locations":[{"start":{"line":12,"column":2},"end":{"line":14,"column":3}},{"start":{"line":12,"column":2},"end":{"line":14,"column":3}}],"line":12},"4":{"loc":{"start":{"line":16,"column":2},"end":{"line":21,"column":3}},"type":"if","locations":[{"start":{"line":16,"column":2},"end":{"line":21,"column":3}},{"start":{"line":16,"column":2},"end":{"line":21,"column":3}}],"line":16},"5":{"loc":{"start":{"line":23,"column":2},"end":{"line":56,"column":3}},"type":"if","locations":[{"start":{"line":23,"column":2},"end":{"line":56,"column":3}},{"start":{"line":23,"column":2},"end":{"line":56,"column":3}}],"line":23},"6":{"loc":{"start":{"line":25,"column":4},"end":{"line":55,"column":5}},"type":"if","locations":[{"start":{"line":25,"column":4},"end":{"line":55,"column":5}},{"start":{"line":25,"column":4},"end":{"line":55,"column":5}}],"line":25},"7":{"loc":{"start":{"line":26,"column":6},"end":{"line":28,"column":7}},"type":"if","locations":[{"start":{"line":26,"column":6},"end":{"line":28,"column":7}},{"start":{"line":26,"column":6},"end":{"line":28,"column":7}}],"line":26},"8":{"loc":{"start":{"line":31,"column":8},"end":{"line":51,"column":9}},"type":"if","locations":[{"start":{"line":31,"column":8},"end":{"line":51,"column":9}},{"start":{"line":31,"column":8},"end":{"line":51,"column":9}}],"line":31},"9":{"loc":{"start":{"line":34,"column":10},"end":{"line":50,"column":11}},"type":"if","locations":[{"start":{"line":34,"column":10},"end":{"line":50,"column":11}},{"start":{"line":34,"column":10},"end":{"line":50,"column":11}}],"line":34},"10":{"loc":{"start":{"line":35,"column":12},"end":{"line":47,"column":13}},"type":"if","locations":[{"start":{"line":35,"column":12},"end":{"line":47,"column":13}},{"start":{"line":35,"column":12},"end":{"line":47,"column":13}}],"line":35},"11":{"loc":{"start":{"line":36,"column":14},"end":{"line":44,"column":15}},"type":"if","locations":[{"start":{"line":36,"column":14},"end":{"line":44,"column":15}},{"start":{"line":36,"column":14},"end":{"line":44,"column":15}}],"line":36},"12":{"loc":{"start":{"line":37,"column":16},"end":{"line":41,"column":17}},"type":"if","locations":[{"start":{"line":37,"column":16},"end":{"line":41,"column":17}},{"start":{"line":37,"column":16},"end":{"line":41,"column":17}}],"line":37},"13":{"loc":{"start":{"line":38,"column":18},"end":{"line":40,"column":19}},"type":"if","locations":[{"start":{"line":38,"column":18},"end":{"line":40,"column":19}},{"start":{"line":38,"column":18},"end":{"line":40,"column":19}}],"line":38},"14":{"loc":{"start":{"line":45,"column":19},"end":{"line":47,"column":13}},"type":"if","locations":[{"start":{"line":45,"column":19},"end":{"line":47,"column":13}},{"start":{"line":45,"column":19},"end":{"line":47,"column":13}}],"line":45}},"s":{"0":54,"1":61,"2":1,"3":1,"4":60,"5":17,"6":43,"7":43,"8":4,"9":39,"10":4,"11":4,"12":4,"13":35,"14":14,"15":14,"16":13,"17":1,"18":12,"19":12,"20":16,"21":16,"22":16,"23":16,"24":15,"25":6,"26":5,"27":4,"28":2,"29":1,"30":9,"31":3,"32":1,"33":12,"34":22,"35":54},"f":{"0":61,"1":1,"2":16},"b":{"0":[1,60],"1":[17,43],"2":[17,0],"3":[4,39],"4":[4,35],"5":[14,21],"6":[13,1],"7":[1,12],"8":[16,0],"9":[15,1],"10":[6,9],"11":[5,1],"12":[4,1],"13":[2,2],"14":[3,6]},"_coverageSchema":"332fd63041d2c1bcb487cc26dd0d5f7d97098a6c","hash":"9a29b8e7cc1b40588ca44a8b8f27c5201c645df4"}
,"/home/august/projects/open-source/rambda/modules/filter.js": {"path":"/home/august/projects/open-source/rambda/modules/filter.js","statementMap":{"0":{"start":{"line":2,"column":2},"end":{"line":4,"column":3}},"1":{"start":{"line":3,"column":4},"end":{"line":3,"column":39}},"2":{"start":{"line":3,"column":21},"end":{"line":3,"column":39}},"3":{"start":{"line":6,"column":14},"end":{"line":6,"column":16}},"4":{"start":{"line":7,"column":17},"end":{"line":7,"column":18}},"5":{"start":{"line":8,"column":15},"end":{"line":8,"column":25}},"6":{"start":{"line":9,"column":21},"end":{"line":9,"column":23}},"7":{"start":{"line":11,"column":2},"end":{"line":16,"column":3}},"8":{"start":{"line":12,"column":18},"end":{"line":12,"column":30}},"9":{"start":{"line":13,"column":4},"end":{"line":15,"column":5}},"10":{"start":{"line":14,"column":6},"end":{"line":14,"column":38}},"11":{"start":{"line":18,"column":2},"end":{"line":18,"column":19}},"12":{"start":{"line":21,"column":0},"end":{"line":21,"column":23}}},"fnMap":{"0":{"name":"filter","decl":{"start":{"line":1,"column":9},"end":{"line":1,"column":15}},"loc":{"start":{"line":1,"column":25},"end":{"line":19,"column":1}},"line":1},"1":{"name":"(anonymous_1)","decl":{"start":{"line":3,"column":11},"end":{"line":3,"column":12}},"loc":{"start":{"line":3,"column":21},"end":{"line":3,"column":39}},"line":3}},"branchMap":{"0":{"loc":{"start":{"line":2,"column":2},"end":{"line":4,"column":3}},"type":"if","locations":[{"start":{"line":2,"column":2},"end":{"line":4,"column":3}},{"start":{"line":2,"column":2},"end":{"line":4,"column":3}}],"line":2},"1":{"loc":{"start":{"line":13,"column":4},"end":{"line":15,"column":5}},"type":"if","locations":[{"start":{"line":13,"column":4},"end":{"line":15,"column":5}},{"start":{"line":13,"column":4},"end":{"line":15,"column":5}}],"line":13}},"s":{"0":3,"1":1,"2":1,"3":2,"4":2,"5":2,"6":2,"7":2,"8":15,"9":15,"10":10,"11":2,"12":54},"f":{"0":3,"1":1},"b":{"0":[1,2],"1":[10,5]},"_coverageSchema":"332fd63041d2c1bcb487cc26dd0d5f7d97098a6c","hash":"06539a315b2926160144b9c01264ced7f056f405"}
,"/home/august/projects/open-source/rambda/modules/find.js": {"path":"/home/august/projects/open-source/rambda/modules/find.js","statementMap":{"0":{"start":{"line":2,"column":2},"end":{"line":4,"column":3}},"1":{"start":{"line":3,"column":4},"end":{"line":3,"column":37}},"2":{"start":{"line":3,"column":21},"end":{"line":3,"column":37}},"3":{"start":{"line":6,"column":2},"end":{"line":6,"column":21}},"4":{"start":{"line":9,"column":0},"end":{"line":9,"column":21}}},"fnMap":{"0":{"name":"find","decl":{"start":{"line":1,"column":9},"end":{"line":1,"column":13}},"loc":{"start":{"line":1,"column":22},"end":{"line":7,"column":1}},"line":1},"1":{"name":"(anonymous_1)","decl":{"start":{"line":3,"column":11},"end":{"line":3,"column":12}},"loc":{"start":{"line":3,"column":21},"end":{"line":3,"column":37}},"line":3}},"branchMap":{"0":{"loc":{"start":{"line":2,"column":2},"end":{"line":4,"column":3}},"type":"if","locations":[{"start":{"line":2,"column":2},"end":{"line":4,"column":3}},{"start":{"line":2,"column":2},"end":{"line":4,"column":3}}],"line":2}},"s":{"0":4,"1":2,"2":2,"3":2,"4":54},"f":{"0":4,"1":2},"b":{"0":[2,2]},"_coverageSchema":"332fd63041d2c1bcb487cc26dd0d5f7d97098a6c","hash":"bc9443d45c75c0917dc519802057ad5ea2001102"}
,"/home/august/projects/open-source/rambda/modules/findIndex.js": {"path":"/home/august/projects/open-source/rambda/modules/findIndex.js","statementMap":{"0":{"start":{"line":2,"column":2},"end":{"line":4,"column":3}},"1":{"start":{"line":3,"column":4},"end":{"line":3,"column":42}},"2":{"start":{"line":3,"column":21},"end":{"line":3,"column":42}},"3":{"start":{"line":6,"column":17},"end":{"line":6,"column":27}},"4":{"start":{"line":7,"column":14},"end":{"line":7,"column":16}},"5":{"start":{"line":9,"column":2},"end":{"line":13,"column":3}},"6":{"start":{"line":10,"column":4},"end":{"line":12,"column":5}},"7":{"start":{"line":11,"column":6},"end":{"line":11,"column":18}},"8":{"start":{"line":15,"column":2},"end":{"line":15,"column":11}},"9":{"start":{"line":18,"column":0},"end":{"line":18,"column":26}}},"fnMap":{"0":{"name":"findIndex","decl":{"start":{"line":1,"column":9},"end":{"line":1,"column":18}},"loc":{"start":{"line":1,"column":27},"end":{"line":16,"column":1}},"line":1},"1":{"name":"(anonymous_1)","decl":{"start":{"line":3,"column":11},"end":{"line":3,"column":12}},"loc":{"start":{"line":3,"column":21},"end":{"line":3,"column":42}},"line":3}},"branchMap":{"0":{"loc":{"start":{"line":2,"column":2},"end":{"line":4,"column":3}},"type":"if","locations":[{"start":{"line":2,"column":2},"end":{"line":4,"column":3}},{"start":{"line":2,"column":2},"end":{"line":4,"column":3}}],"line":2},"1":{"loc":{"start":{"line":10,"column":4},"end":{"line":12,"column":5}},"type":"if","locations":[{"start":{"line":10,"column":4},"end":{"line":12,"column":5}},{"start":{"line":10,"column":4},"end":{"line":12,"column":5}}],"line":10}},"s":{"0":6,"1":3,"2":3,"3":3,"4":3,"5":3,"6":6,"7":2,"8":1,"9":54},"f":{"0":6,"1":3},"b":{"0":[3,3],"1":[2,4]},"_coverageSchema":"332fd63041d2c1bcb487cc26dd0d5f7d97098a6c","hash":"70d2eb07edfb2a1d04dfc1fd18d1d917e386128e"}
,"/home/august/projects/open-source/rambda/modules/flatten.js": {"path":"/home/august/projects/open-source/rambda/modules/flatten.js","statementMap":{"0":{"start":{"line":2,"column":2},"end":{"line":4,"column":14}},"1":{"start":{"line":6,"column":2},"end":{"line":12,"column":3}},"2":{"start":{"line":7,"column":4},"end":{"line":11,"column":5}},"3":{"start":{"line":8,"column":6},"end":{"line":8,"column":35}},"4":{"start":{"line":10,"column":6},"end":{"line":10,"column":31}},"5":{"start":{"line":14,"column":2},"end":{"line":14,"column":19}},"6":{"start":{"line":17,"column":0},"end":{"line":17,"column":24}}},"fnMap":{"0":{"name":"flatten","decl":{"start":{"line":1,"column":9},"end":{"line":1,"column":16}},"loc":{"start":{"line":1,"column":33},"end":{"line":15,"column":1}},"line":1}},"branchMap":{"0":{"loc":{"start":{"line":2,"column":15},"end":{"line":4,"column":14}},"type":"cond-expr","locations":[{"start":{"line":3,"column":4},"end":{"line":3,"column":6}},{"start":{"line":4,"column":4},"end":{"line":4,"column":14}}],"line":2},"1":{"loc":{"start":{"line":7,"column":4},"end":{"line":11,"column":5}},"type":"if","locations":[{"start":{"line":7,"column":4},"end":{"line":11,"column":5}},{"start":{"line":7,"column":4},"end":{"line":11,"column":5}}],"line":7}},"s":{"0":32,"1":32,"2":60,"3":26,"4":34,"5":32,"6":54},"f":{"0":32},"b":{"0":[6,26],"1":[26,34]},"_coverageSchema":"332fd63041d2c1bcb487cc26dd0d5f7d97098a6c","hash":"e8927e6b0e92ec31a93c9401c64dfbc1a8e00625"}
,"/home/august/projects/open-source/rambda/modules/has.js": {"path":"/home/august/projects/open-source/rambda/modules/has.js","statementMap":{"0":{"start":{"line":2,"column":2},"end":{"line":4,"column":3}},"1":{"start":{"line":3,"column":4},"end":{"line":3,"column":43}},"2":{"start":{"line":3,"column":24},"end":{"line":3,"column":43}},"3":{"start":{"line":6,"column":2},"end":{"line":6,"column":32}},"4":{"start":{"line":9,"column":0},"end":{"line":9,"column":20}}},"fnMap":{"0":{"name":"has","decl":{"start":{"line":1,"column":9},"end":{"line":1,"column":12}},"loc":{"start":{"line":1,"column":22},"end":{"line":7,"column":1}},"line":1},"1":{"name":"(anonymous_1)","decl":{"start":{"line":3,"column":11},"end":{"line":3,"column":12}},"loc":{"start":{"line":3,"column":24},"end":{"line":3,"column":43}},"line":3}},"branchMap":{"0":{"loc":{"start":{"line":2,"column":2},"end":{"line":4,"column":3}},"type":"if","locations":[{"start":{"line":2,"column":2},"end":{"line":4,"column":3}},{"start":{"line":2,"column":2},"end":{"line":4,"column":3}}],"line":2}},"s":{"0":3,"1":1,"2":1,"3":2,"4":54},"f":{"0":3,"1":1},"b":{"0":[1,2]},"_coverageSchema":"332fd63041d2c1bcb487cc26dd0d5f7d97098a6c","hash":"4b556de7e0b4e88b2439551399f051a99c847360"}
,"/home/august/projects/open-source/rambda/modules/head.js": {"path":"/home/august/projects/open-source/rambda/modules/head.js","statementMap":{"0":{"start":{"line":2,"column":2},"end":{"line":4,"column":3}},"1":{"start":{"line":3,"column":4},"end":{"line":3,"column":23}},"2":{"start":{"line":6,"column":2},"end":{"line":6,"column":15}},"3":{"start":{"line":9,"column":0},"end":{"line":9,"column":21}}},"fnMap":{"0":{"name":"head","decl":{"start":{"line":1,"column":9},"end":{"line":1,"column":13}},"loc":{"start":{"line":1,"column":16},"end":{"line":7,"column":1}},"line":1}},"branchMap":{"0":{"loc":{"start":{"line":2,"column":2},"end":{"line":4,"column":3}},"type":"if","locations":[{"start":{"line":2,"column":2},"end":{"line":4,"column":3}},{"start":{"line":2,"column":2},"end":{"line":4,"column":3}}],"line":2},"1":{"loc":{"start":{"line":3,"column":11},"end":{"line":3,"column":23}},"type":"binary-expr","locations":[{"start":{"line":3,"column":11},"end":{"line":3,"column":17}},{"start":{"line":3,"column":21},"end":{"line":3,"column":23}}],"line":3}},"s":{"0":4,"1":2,"2":2,"3":54},"f":{"0":4},"b":{"0":[2,2],"1":[2,1]},"_coverageSchema":"332fd63041d2c1bcb487cc26dd0d5f7d97098a6c","hash":"11f5a5724077ea452b09106332d5f47f8f7caea1"}
,"/home/august/projects/open-source/rambda/modules/indexOf.js": {"path":"/home/august/projects/open-source/rambda/modules/indexOf.js","statementMap":{"0":{"start":{"line":2,"column":2},"end":{"line":4,"column":3}},"1":{"start":{"line":3,"column":4},"end":{"line":3,"column":46}},"2":{"start":{"line":3,"column":21},"end":{"line":3,"column":46}},"3":{"start":{"line":6,"column":14},"end":{"line":6,"column":16}},"4":{"start":{"line":7,"column":17},"end":{"line":7,"column":27}},"5":{"start":{"line":9,"column":2},"end":{"line":13,"column":3}},"6":{"start":{"line":10,"column":4},"end":{"line":12,"column":5}},"7":{"start":{"line":11,"column":6},"end":{"line":11,"column":18}},"8":{"start":{"line":15,"column":2},"end":{"line":15,"column":11}},"9":{"start":{"line":18,"column":0},"end":{"line":18,"column":24}}},"fnMap":{"0":{"name":"indexOf","decl":{"start":{"line":1,"column":9},"end":{"line":1,"column":16}},"loc":{"start":{"line":1,"column":32},"end":{"line":16,"column":1}},"line":1},"1":{"name":"(anonymous_1)","decl":{"start":{"line":3,"column":11},"end":{"line":3,"column":12}},"loc":{"start":{"line":3,"column":21},"end":{"line":3,"column":46}},"line":3}},"branchMap":{"0":{"loc":{"start":{"line":2,"column":2},"end":{"line":4,"column":3}},"type":"if","locations":[{"start":{"line":2,"column":2},"end":{"line":4,"column":3}},{"start":{"line":2,"column":2},"end":{"line":4,"column":3}}],"line":2},"1":{"loc":{"start":{"line":10,"column":4},"end":{"line":12,"column":5}},"type":"if","locations":[{"start":{"line":10,"column":4},"end":{"line":12,"column":5}},{"start":{"line":10,"column":4},"end":{"line":12,"column":5}}],"line":10}},"s":{"0":3,"1":1,"2":1,"3":2,"4":2,"5":2,"6":7,"7":1,"8":1,"9":54},"f":{"0":3,"1":1},"b":{"0":[1,2],"1":[1,6]},"_coverageSchema":"332fd63041d2c1bcb487cc26dd0d5f7d97098a6c","hash":"00ef37f3d7e1699b587c1ed39202dbf4b17f9d97"}
,"/home/august/projects/open-source/rambda/modules/init.js": {"path":"/home/august/projects/open-source/rambda/modules/init.js","statementMap":{"0":{"start":{"line":1,"column":18},"end":{"line":1,"column":40}},"1":{"start":{"line":4,"column":2},"end":{"line":6,"column":3}},"2":{"start":{"line":5,"column":4},"end":{"line":5,"column":25}},"3":{"start":{"line":8,"column":2},"end":{"line":8,"column":44}},"4":{"start":{"line":11,"column":0},"end":{"line":11,"column":21}}},"fnMap":{"0":{"name":"init","decl":{"start":{"line":3,"column":9},"end":{"line":3,"column":13}},"loc":{"start":{"line":3,"column":16},"end":{"line":9,"column":1}},"line":3}},"branchMap":{"0":{"loc":{"start":{"line":4,"column":2},"end":{"line":6,"column":3}},"type":"if","locations":[{"start":{"line":4,"column":2},"end":{"line":6,"column":3}},{"start":{"line":4,"column":2},"end":{"line":6,"column":3}}],"line":4},"1":{"loc":{"start":{"line":8,"column":9},"end":{"line":8,"column":44}},"type":"cond-expr","locations":[{"start":{"line":8,"column":20},"end":{"line":8,"column":39}},{"start":{"line":8,"column":42},"end":{"line":8,"column":44}}],"line":8}},"s":{"0":54,"1":10,"2":3,"3":7,"4":54},"f":{"0":10},"b":{"0":[3,7],"1":[5,2]},"_coverageSchema":"332fd63041d2c1bcb487cc26dd0d5f7d97098a6c","hash":"352923a4fa1b134ffaa714cace783157884360c8"}
,"/home/august/projects/open-source/rambda/modules/join.js": {"path":"/home/august/projects/open-source/rambda/modules/join.js","statementMap":{"0":{"start":{"line":2,"column":2},"end":{"line":4,"column":3}},"1":{"start":{"line":3,"column":4},"end":{"line":3,"column":39}},"2":{"start":{"line":3,"column":21},"end":{"line":3,"column":39}},"3":{"start":{"line":6,"column":2},"end":{"line":6,"column":23}},"4":{"start":{"line":9,"column":0},"end":{"line":9,"column":21}}},"fnMap":{"0":{"name":"join","decl":{"start":{"line":1,"column":9},"end":{"line":1,"column":13}},"loc":{"start":{"line":1,"column":25},"end":{"line":7,"column":1}},"line":1},"1":{"name":"(anonymous_1)","decl":{"start":{"line":3,"column":11},"end":{"line":3,"column":12}},"loc":{"start":{"line":3,"column":21},"end":{"line":3,"column":39}},"line":3}},"branchMap":{"0":{"loc":{"start":{"line":2,"column":2},"end":{"line":4,"column":3}},"type":"if","locations":[{"start":{"line":2,"column":2},"end":{"line":4,"column":3}},{"start":{"line":2,"column":2},"end":{"line":4,"column":3}}],"line":2}},"s":{"0":10,"1":5,"2":5,"3":5,"4":54},"f":{"0":10,"1":5},"b":{"0":[5,5]},"_coverageSchema":"332fd63041d2c1bcb487cc26dd0d5f7d97098a6c","hash":"06287b48d6979695142d3920d17cbcf842b7a87c"}
,"/home/august/projects/open-source/rambda/modules/last.js": {"path":"/home/august/projects/open-source/rambda/modules/last.js","statementMap":{"0":{"start":{"line":2,"column":2},"end":{"line":4,"column":3}},"1":{"start":{"line":3,"column":4},"end":{"line":3,"column":34}},"2":{"start":{"line":6,"column":2},"end":{"line":6,"column":26}},"3":{"start":{"line":9,"column":0},"end":{"line":9,"column":21}}},"fnMap":{"0":{"name":"last","decl":{"start":{"line":1,"column":9},"end":{"line":1,"column":13}},"loc":{"start":{"line":1,"column":16},"end":{"line":7,"column":1}},"line":1}},"branchMap":{"0":{"loc":{"start":{"line":2,"column":2},"end":{"line":4,"column":3}},"type":"if","locations":[{"start":{"line":2,"column":2},"end":{"line":4,"column":3}},{"start":{"line":2,"column":2},"end":{"line":4,"column":3}}],"line":2},"1":{"loc":{"start":{"line":3,"column":11},"end":{"line":3,"column":34}},"type":"binary-expr","locations":[{"start":{"line":3,"column":11},"end":{"line":3,"column":28}},{"start":{"line":3,"column":32},"end":{"line":3,"column":34}}],"line":3}},"s":{"0":9,"1":5,"2":4,"3":54},"f":{"0":9},"b":{"0":[5,4],"1":[5,1]},"_coverageSchema":"332fd63041d2c1bcb487cc26dd0d5f7d97098a6c","hash":"b42aaaeef64366227d83f518bfc2d7c7c75bc97d"}
,"/home/august/projects/open-source/rambda/modules/length.js": {"path":"/home/august/projects/open-source/rambda/modules/length.js","statementMap":{"0":{"start":{"line":3,"column":2},"end":{"line":3,"column":19}},"1":{"start":{"line":6,"column":0},"end":{"line":6,"column":23}}},"fnMap":{"0":{"name":"length","decl":{"start":{"line":1,"column":9},"end":{"line":1,"column":15}},"loc":{"start":{"line":1,"column":20},"end":{"line":4,"column":1}},"line":1}},"branchMap":{},"s":{"0":3,"1":54},"f":{"0":3},"b":{},"_coverageSchema":"332fd63041d2c1bcb487cc26dd0d5f7d97098a6c","hash":"1340485798eca47b900f86e48a415aaf7c79f1e3"}
,"/home/august/projects/open-source/rambda/modules/map.js": {"path":"/home/august/projects/open-source/rambda/modules/map.js","statementMap":{"0":{"start":{"line":2,"column":2},"end":{"line":4,"column":3}},"1":{"start":{"line":3,"column":4},"end":{"line":3,"column":36}},"2":{"start":{"line":3,"column":21},"end":{"line":3,"column":36}},"3":{"start":{"line":6,"column":14},"end":{"line":6,"column":16}},"4":{"start":{"line":7,"column":17},"end":{"line":7,"column":27}},"5":{"start":{"line":8,"column":21},"end":{"line":8,"column":34}},"6":{"start":{"line":10,"column":2},"end":{"line":12,"column":3}},"7":{"start":{"line":11,"column":4},"end":{"line":11,"column":42}},"8":{"start":{"line":14,"column":2},"end":{"line":14,"column":19}},"9":{"start":{"line":17,"column":0},"end":{"line":17,"column":20}}},"fnMap":{"0":{"name":"map","decl":{"start":{"line":1,"column":9},"end":{"line":1,"column":12}},"loc":{"start":{"line":1,"column":22},"end":{"line":15,"column":1}},"line":1},"1":{"name":"(anonymous_1)","decl":{"start":{"line":3,"column":11},"end":{"line":3,"column":12}},"loc":{"start":{"line":3,"column":21},"end":{"line":3,"column":36}},"line":3}},"branchMap":{"0":{"loc":{"start":{"line":2,"column":2},"end":{"line":4,"column":3}},"type":"if","locations":[{"start":{"line":2,"column":2},"end":{"line":4,"column":3}},{"start":{"line":2,"column":2},"end":{"line":4,"column":3}}],"line":2}},"s":{"0":19,"1":8,"2":8,"3":11,"4":11,"5":11,"6":11,"7":51,"8":11,"9":54},"f":{"0":19,"1":8},"b":{"0":[8,11]},"_coverageSchema":"332fd63041d2c1bcb487cc26dd0d5f7d97098a6c","hash":"e16e699df9b30e2e3b7398b0f7d7b10c506706b9"}
,"/home/august/projects/open-source/rambda/modules/match.js": {"path":"/home/august/projects/open-source/rambda/modules/match.js","statementMap":{"0":{"start":{"line":2,"column":2},"end":{"line":4,"column":3}},"1":{"start":{"line":3,"column":4},"end":{"line":3,"column":41}},"2":{"start":{"line":3,"column":21},"end":{"line":3,"column":41}},"3":{"start":{"line":5,"column":21},"end":{"line":5,"column":37}},"4":{"start":{"line":7,"column":2},"end":{"line":9,"column":14}},"5":{"start":{"line":12,"column":0},"end":{"line":12,"column":22}}},"fnMap":{"0":{"name":"match","decl":{"start":{"line":1,"column":9},"end":{"line":1,"column":14}},"loc":{"start":{"line":1,"column":27},"end":{"line":10,"column":1}},"line":1},"1":{"name":"(anonymous_1)","decl":{"start":{"line":3,"column":11},"end":{"line":3,"column":12}},"loc":{"start":{"line":3,"column":21},"end":{"line":3,"column":41}},"line":3}},"branchMap":{"0":{"loc":{"start":{"line":2,"column":2},"end":{"line":4,"column":3}},"type":"if","locations":[{"start":{"line":2,"column":2},"end":{"line":4,"column":3}},{"start":{"line":2,"column":2},"end":{"line":4,"column":3}}],"line":2},"1":{"loc":{"start":{"line":7,"column":9},"end":{"line":9,"column":14}},"type":"cond-expr","locations":[{"start":{"line":8,"column":4},"end":{"line":8,"column":6}},{"start":{"line":9,"column":4},"end":{"line":9,"column":14}}],"line":7}},"s":{"0":5,"1":2,"2":2,"3":3,"4":2,"5":54},"f":{"0":5,"1":2},"b":{"0":[2,3],"1":[1,1]},"_coverageSchema":"332fd63041d2c1bcb487cc26dd0d5f7d97098a6c","hash":"f279105b162f4d446bec9c0baf4ba0624c3af7dd"}
,"/home/august/projects/open-source/rambda/modules/merge.js": {"path":"/home/august/projects/open-source/rambda/modules/merge.js","statementMap":{"0":{"start":{"line":2,"column":2},"end":{"line":4,"column":3}},"1":{"start":{"line":3,"column":4},"end":{"line":3,"column":39}},"2":{"start":{"line":3,"column":21},"end":{"line":3,"column":39}},"3":{"start":{"line":6,"column":2},"end":{"line":6,"column":41}},"4":{"start":{"line":9,"column":0},"end":{"line":9,"column":22}}},"fnMap":{"0":{"name":"merge","decl":{"start":{"line":1,"column":9},"end":{"line":1,"column":14}},"loc":{"start":{"line":1,"column":30},"end":{"line":7,"column":1}},"line":1},"1":{"name":"(anonymous_1)","decl":{"start":{"line":3,"column":11},"end":{"line":3,"column":12}},"loc":{"start":{"line":3,"column":21},"end":{"line":3,"column":39}},"line":3}},"branchMap":{"0":{"loc":{"start":{"line":2,"column":2},"end":{"line":4,"column":3}},"type":"if","locations":[{"start":{"line":2,"column":2},"end":{"line":4,"column":3}},{"start":{"line":2,"column":2},"end":{"line":4,"column":3}}],"line":2}},"s":{"0":4,"1":1,"2":1,"3":3,"4":54},"f":{"0":4,"1":1},"b":{"0":[1,3]},"_coverageSchema":"332fd63041d2c1bcb487cc26dd0d5f7d97098a6c","hash":"21f6a4e708b267ebd5b483ef7855209a6b56714d"}
,"/home/august/projects/open-source/rambda/modules/omit.js": {"path":"/home/august/projects/open-source/rambda/modules/omit.js","statementMap":{"0":{"start":{"line":2,"column":2},"end":{"line":4,"column":3}},"1":{"start":{"line":3,"column":4},"end":{"line":3,"column":39}},"2":{"start":{"line":3,"column":21},"end":{"line":3,"column":39}},"3":{"start":{"line":6,"column":21},"end":{"line":6,"column":23}},"4":{"start":{"line":7,"column":2},"end":{"line":11,"column":3}},"5":{"start":{"line":8,"column":4},"end":{"line":10,"column":5}},"6":{"start":{"line":9,"column":6},"end":{"line":9,"column":36}},"7":{"start":{"line":13,"column":2},"end":{"line":13,"column":19}},"8":{"start":{"line":16,"column":0},"end":{"line":16,"column":21}}},"fnMap":{"0":{"name":"omit","decl":{"start":{"line":1,"column":9},"end":{"line":1,"column":13}},"loc":{"start":{"line":1,"column":24},"end":{"line":14,"column":1}},"line":1},"1":{"name":"(anonymous_1)","decl":{"start":{"line":3,"column":11},"end":{"line":3,"column":12}},"loc":{"start":{"line":3,"column":21},"end":{"line":3,"column":39}},"line":3}},"branchMap":{"0":{"loc":{"start":{"line":2,"column":2},"end":{"line":4,"column":3}},"type":"if","locations":[{"start":{"line":2,"column":2},"end":{"line":4,"column":3}},{"start":{"line":2,"column":2},"end":{"line":4,"column":3}}],"line":2},"1":{"loc":{"start":{"line":8,"column":4},"end":{"line":10,"column":5}},"type":"if","locations":[{"start":{"line":8,"column":4},"end":{"line":10,"column":5}},{"start":{"line":8,"column":4},"end":{"line":10,"column":5}}],"line":8}},"s":{"0":2,"1":1,"2":1,"3":1,"4":1,"5":3,"6":1,"7":1,"8":54},"f":{"0":2,"1":1},"b":{"0":[1,1],"1":[1,2]},"_coverageSchema":"332fd63041d2c1bcb487cc26dd0d5f7d97098a6c","hash":"17878e6fd918ef34ede865e76186ada01af301ee"}
,"/home/august/projects/open-source/rambda/modules/partialCurry.js": {"path":"/home/august/projects/open-source/rambda/modules/partialCurry.js","statementMap":{"0":{"start":{"line":1,"column":13},"end":{"line":1,"column":30}},"1":{"start":{"line":2,"column":14},"end":{"line":2,"column":32}},"2":{"start":{"line":5,"column":2},"end":{"line":14,"column":3}},"3":{"start":{"line":6,"column":4},"end":{"line":12,"column":5}},"4":{"start":{"line":7,"column":6},"end":{"line":11,"column":8}},"5":{"start":{"line":8,"column":8},"end":{"line":10,"column":24}},"6":{"start":{"line":13,"column":4},"end":{"line":13,"column":58}},"7":{"start":{"line":17,"column":0},"end":{"line":17,"column":22}}},"fnMap":{"0":{"name":"curry","decl":{"start":{"line":4,"column":9},"end":{"line":4,"column":14}},"loc":{"start":{"line":4,"column":40},"end":{"line":15,"column":1}},"line":4},"1":{"name":"(anonymous_1)","decl":{"start":{"line":5,"column":9},"end":{"line":5,"column":10}},"loc":{"start":{"line":5,"column":33},"end":{"line":14,"column":3}},"line":5},"2":{"name":"(anonymous_2)","decl":{"start":{"line":7,"column":25},"end":{"line":7,"column":26}},"loc":{"start":{"line":7,"column":46},"end":{"line":11,"column":7}},"line":7}},"branchMap":{"0":{"loc":{"start":{"line":4,"column":19},"end":{"line":4,"column":38}},"type":"default-arg","locations":[{"start":{"line":4,"column":36},"end":{"line":4,"column":38}}],"line":4},"1":{"loc":{"start":{"line":6,"column":4},"end":{"line":12,"column":5}},"type":"if","locations":[{"start":{"line":6,"column":4},"end":{"line":12,"column":5}},{"start":{"line":6,"column":4},"end":{"line":12,"column":5}}],"line":6}},"s":{"0":54,"1":54,"2":2,"3":2,"4":1,"5":1,"6":1,"7":54},"f":{"0":2,"1":2,"2":1},"b":{"0":[0],"1":[1,1]},"_coverageSchema":"332fd63041d2c1bcb487cc26dd0d5f7d97098a6c","hash":"d4b1b48f9cf96420e3582831978c8201ecb91e5e"}
,"/home/august/projects/open-source/rambda/modules/path.js": {"path":"/home/august/projects/open-source/rambda/modules/path.js","statementMap":{"0":{"start":{"line":2,"column":2},"end":{"line":4,"column":3}},"1":{"start":{"line":3,"column":4},"end":{"line":3,"column":42}},"2":{"start":{"line":3,"column":21},"end":{"line":3,"column":42}},"3":{"start":{"line":6,"column":15},"end":{"line":6,"column":18}},"4":{"start":{"line":7,"column":16},"end":{"line":7,"column":17}},"5":{"start":{"line":8,"column":2},"end":{"line":10,"column":3}},"6":{"start":{"line":9,"column":4},"end":{"line":9,"column":32}},"7":{"start":{"line":11,"column":2},"end":{"line":17,"column":3}},"8":{"start":{"line":12,"column":4},"end":{"line":14,"column":5}},"9":{"start":{"line":13,"column":6},"end":{"line":13,"column":22}},"10":{"start":{"line":15,"column":4},"end":{"line":15,"column":41}},"11":{"start":{"line":16,"column":4},"end":{"line":16,"column":13}},"12":{"start":{"line":19,"column":2},"end":{"line":19,"column":15}},"13":{"start":{"line":22,"column":0},"end":{"line":22,"column":21}}},"fnMap":{"0":{"name":"path","decl":{"start":{"line":1,"column":9},"end":{"line":1,"column":13}},"loc":{"start":{"line":1,"column":28},"end":{"line":20,"column":1}},"line":1},"1":{"name":"(anonymous_1)","decl":{"start":{"line":3,"column":11},"end":{"line":3,"column":12}},"loc":{"start":{"line":3,"column":21},"end":{"line":3,"column":42}},"line":3}},"branchMap":{"0":{"loc":{"start":{"line":2,"column":2},"end":{"line":4,"column":3}},"type":"if","locations":[{"start":{"line":2,"column":2},"end":{"line":4,"column":3}},{"start":{"line":2,"column":2},"end":{"line":4,"column":3}}],"line":2},"1":{"loc":{"start":{"line":8,"column":2},"end":{"line":10,"column":3}},"type":"if","locations":[{"start":{"line":8,"column":2},"end":{"line":10,"column":3}},{"start":{"line":8,"column":2},"end":{"line":10,"column":3}}],"line":8},"2":{"loc":{"start":{"line":12,"column":4},"end":{"line":14,"column":5}},"type":"if","locations":[{"start":{"line":12,"column":4},"end":{"line":14,"column":5}},{"start":{"line":12,"column":4},"end":{"line":14,"column":5}}],"line":12}},"s":{"0":8,"1":4,"2":4,"3":4,"4":4,"5":4,"6":1,"7":4,"8":10,"9":1,"10":9,"11":9,"12":3,"13":54},"f":{"0":8,"1":4},"b":{"0":[4,4],"1":[1,3],"2":[1,9]},"_coverageSchema":"332fd63041d2c1bcb487cc26dd0d5f7d97098a6c","hash":"62a89f348948867db497ac6cd97dd4890ddd1c4a"}
,"/home/august/projects/open-source/rambda/modules/pick.js": {"path":"/home/august/projects/open-source/rambda/modules/pick.js","statementMap":{"0":{"start":{"line":2,"column":2},"end":{"line":4,"column":3}},"1":{"start":{"line":3,"column":4},"end":{"line":3,"column":39}},"2":{"start":{"line":3,"column":21},"end":{"line":3,"column":39}},"3":{"start":{"line":5,"column":21},"end":{"line":5,"column":23}},"4":{"start":{"line":6,"column":16},"end":{"line":6,"column":17}},"5":{"start":{"line":7,"column":2},"end":{"line":12,"column":3}},"6":{"start":{"line":8,"column":4},"end":{"line":10,"column":5}},"7":{"start":{"line":9,"column":6},"end":{"line":9,"column":60}},"8":{"start":{"line":11,"column":4},"end":{"line":11,"column":13}},"9":{"start":{"line":14,"column":2},"end":{"line":14,"column":19}},"10":{"start":{"line":17,"column":0},"end":{"line":17,"column":21}}},"fnMap":{"0":{"name":"pick","decl":{"start":{"line":1,"column":9},"end":{"line":1,"column":13}},"loc":{"start":{"line":1,"column":25},"end":{"line":15,"column":1}},"line":1},"1":{"name":"(anonymous_1)","decl":{"start":{"line":3,"column":11},"end":{"line":3,"column":12}},"loc":{"start":{"line":3,"column":21},"end":{"line":3,"column":39}},"line":3}},"branchMap":{"0":{"loc":{"start":{"line":2,"column":2},"end":{"line":4,"column":3}},"type":"if","locations":[{"start":{"line":2,"column":2},"end":{"line":4,"column":3}},{"start":{"line":2,"column":2},"end":{"line":4,"column":3}}],"line":2},"1":{"loc":{"start":{"line":8,"column":4},"end":{"line":10,"column":5}},"type":"if","locations":[{"start":{"line":8,"column":4},"end":{"line":10,"column":5}},{"start":{"line":8,"column":4},"end":{"line":10,"column":5}}],"line":8}},"s":{"0":4,"1":2,"2":2,"3":2,"4":2,"5":2,"6":6,"7":3,"8":6,"9":2,"10":54},"f":{"0":4,"1":2},"b":{"0":[2,2],"1":[3,3]},"_coverageSchema":"332fd63041d2c1bcb487cc26dd0d5f7d97098a6c","hash":"c70b8219458fde4691b4a3ab68f660c92482a23d"}
,"/home/august/projects/open-source/rambda/modules/pluck.js": {"path":"/home/august/projects/open-source/rambda/modules/pluck.js","statementMap":{"0":{"start":{"line":1,"column":12},"end":{"line":1,"column":28}},"1":{"start":{"line":4,"column":2},"end":{"line":6,"column":3}},"2":{"start":{"line":5,"column":4},"end":{"line":5,"column":52}},"3":{"start":{"line":5,"column":24},"end":{"line":5,"column":52}},"4":{"start":{"line":7,"column":21},"end":{"line":7,"column":23}},"5":{"start":{"line":8,"column":2},"end":{"line":15,"column":3}},"6":{"start":{"line":10,"column":6},"end":{"line":12,"column":7}},"7":{"start":{"line":11,"column":8},"end":{"line":11,"column":40}},"8":{"start":{"line":16,"column":2},"end":{"line":16,"column":19}},"9":{"start":{"line":19,"column":0},"end":{"line":19,"column":22}}},"fnMap":{"0":{"name":"pluck","decl":{"start":{"line":3,"column":9},"end":{"line":3,"column":14}},"loc":{"start":{"line":3,"column":30},"end":{"line":17,"column":1}},"line":3},"1":{"name":"(anonymous_1)","decl":{"start":{"line":5,"column":11},"end":{"line":5,"column":12}},"loc":{"start":{"line":5,"column":24},"end":{"line":5,"column":52}},"line":5},"2":{"name":"(anonymous_2)","decl":{"start":{"line":9,"column":4},"end":{"line":9,"column":5}},"loc":{"start":{"line":9,"column":10},"end":{"line":13,"column":5}},"line":9}},"branchMap":{"0":{"loc":{"start":{"line":4,"column":2},"end":{"line":6,"column":3}},"type":"if","locations":[{"start":{"line":4,"column":2},"end":{"line":6,"column":3}},{"start":{"line":4,"column":2},"end":{"line":6,"column":3}}],"line":4},"1":{"loc":{"start":{"line":10,"column":6},"end":{"line":12,"column":7}},"type":"if","locations":[{"start":{"line":10,"column":6},"end":{"line":12,"column":7}},{"start":{"line":10,"column":6},"end":{"line":12,"column":7}}],"line":10}},"s":{"0":54,"1":2,"2":1,"3":1,"4":1,"5":1,"6":2,"7":2,"8":1,"9":54},"f":{"0":2,"1":1,"2":2},"b":{"0":[1,1],"1":[2,0]},"_coverageSchema":"332fd63041d2c1bcb487cc26dd0d5f7d97098a6c","hash":"4f0dfc54e142e6e2d004ec617239600f62a409b6"}
,"/home/august/projects/open-source/rambda/modules/prepend.js": {"path":"/home/august/projects/open-source/rambda/modules/prepend.js","statementMap":{"0":{"start":{"line":2,"column":2},"end":{"line":4,"column":3}},"1":{"start":{"line":3,"column":4},"end":{"line":3,"column":41}},"2":{"start":{"line":3,"column":21},"end":{"line":3,"column":41}},"3":{"start":{"line":6,"column":16},"end":{"line":6,"column":28}},"4":{"start":{"line":7,"column":2},"end":{"line":7,"column":20}},"5":{"start":{"line":9,"column":2},"end":{"line":9,"column":14}},"6":{"start":{"line":12,"column":0},"end":{"line":12,"column":24}}},"fnMap":{"0":{"name":"prepend","decl":{"start":{"line":1,"column":9},"end":{"line":1,"column":16}},"loc":{"start":{"line":1,"column":27},"end":{"line":10,"column":1}},"line":1},"1":{"name":"(anonymous_1)","decl":{"start":{"line":3,"column":11},"end":{"line":3,"column":12}},"loc":{"start":{"line":3,"column":21},"end":{"line":3,"column":41}},"line":3}},"branchMap":{"0":{"loc":{"start":{"line":2,"column":2},"end":{"line":4,"column":3}},"type":"if","locations":[{"start":{"line":2,"column":2},"end":{"line":4,"column":3}},{"start":{"line":2,"column":2},"end":{"line":4,"column":3}}],"line":2}},"s":{"0":3,"1":1,"2":1,"3":2,"4":2,"5":2,"6":54},"f":{"0":3,"1":1},"b":{"0":[1,2]},"_coverageSchema":"332fd63041d2c1bcb487cc26dd0d5f7d97098a6c","hash":"ddecc7bd38ee9e839174b4f5cbeca780084a9688"}
,"/home/august/projects/open-source/rambda/modules/prop.js": {"path":"/home/august/projects/open-source/rambda/modules/prop.js","statementMap":{"0":{"start":{"line":2,"column":2},"end":{"line":4,"column":3}},"1":{"start":{"line":3,"column":4},"end":{"line":3,"column":38}},"2":{"start":{"line":3,"column":21},"end":{"line":3,"column":38}},"3":{"start":{"line":6,"column":2},"end":{"line":6,"column":19}},"4":{"start":{"line":9,"column":0},"end":{"line":9,"column":21}}},"fnMap":{"0":{"name":"prop","decl":{"start":{"line":1,"column":9},"end":{"line":1,"column":13}},"loc":{"start":{"line":1,"column":24},"end":{"line":7,"column":1}},"line":1},"1":{"name":"(anonymous_1)","decl":{"start":{"line":3,"column":11},"end":{"line":3,"column":12}},"loc":{"start":{"line":3,"column":21},"end":{"line":3,"column":38}},"line":3}},"branchMap":{"0":{"loc":{"start":{"line":2,"column":2},"end":{"line":4,"column":3}},"type":"if","locations":[{"start":{"line":2,"column":2},"end":{"line":4,"column":3}},{"start":{"line":2,"column":2},"end":{"line":4,"column":3}}],"line":2}},"s":{"0":11,"1":3,"2":8,"3":8,"4":54},"f":{"0":11,"1":8},"b":{"0":[3,8]},"_coverageSchema":"332fd63041d2c1bcb487cc26dd0d5f7d97098a6c","hash":"bf70e8433c9e2d5b6da06362fb197c2690cc6f90"}
,"/home/august/projects/open-source/rambda/modules/propEq.js": {"path":"/home/august/projects/open-source/rambda/modules/propEq.js","statementMap":{"0":{"start":{"line":2,"column":2},"end":{"line":6,"column":3}},"1":{"start":{"line":3,"column":4},"end":{"line":3,"column":70}},"2":{"start":{"line":3,"column":37},"end":{"line":3,"column":70}},"3":{"start":{"line":4,"column":9},"end":{"line":6,"column":3}},"4":{"start":{"line":5,"column":4},"end":{"line":5,"column":45}},"5":{"start":{"line":5,"column":21},"end":{"line":5,"column":45}},"6":{"start":{"line":8,"column":2},"end":{"line":8,"column":27}},"7":{"start":{"line":11,"column":0},"end":{"line":11,"column":23}}},"fnMap":{"0":{"name":"propEq","decl":{"start":{"line":1,"column":9},"end":{"line":1,"column":15}},"loc":{"start":{"line":1,"column":31},"end":{"line":9,"column":1}},"line":1},"1":{"name":"(anonymous_1)","decl":{"start":{"line":3,"column":11},"end":{"line":3,"column":12}},"loc":{"start":{"line":3,"column":37},"end":{"line":3,"column":70}},"line":3},"2":{"name":"(anonymous_2)","decl":{"start":{"line":5,"column":11},"end":{"line":5,"column":12}},"loc":{"start":{"line":5,"column":21},"end":{"line":5,"column":45}},"line":5}},"branchMap":{"0":{"loc":{"start":{"line":2,"column":2},"end":{"line":6,"column":3}},"type":"if","locations":[{"start":{"line":2,"column":2},"end":{"line":6,"column":3}},{"start":{"line":2,"column":2},"end":{"line":6,"column":3}}],"line":2},"1":{"loc":{"start":{"line":4,"column":9},"end":{"line":6,"column":3}},"type":"if","locations":[{"start":{"line":4,"column":9},"end":{"line":6,"column":3}},{"start":{"line":4,"column":9},"end":{"line":6,"column":3}}],"line":4}},"s":{"0":23,"1":1,"2":1,"3":22,"4":8,"5":14,"6":14,"7":54},"f":{"0":23,"1":1,"2":14},"b":{"0":[1,22],"1":[8,14]},"_coverageSchema":"332fd63041d2c1bcb487cc26dd0d5f7d97098a6c","hash":"f772adeafb5dd48857af05ec5850a9a63993986b"}
,"/home/august/projects/open-source/rambda/modules/range.js": {"path":"/home/august/projects/open-source/rambda/modules/range.js","statementMap":{"0":{"start":{"line":2,"column":21},"end":{"line":2,"column":23}},"1":{"start":{"line":3,"column":2},"end":{"line":5,"column":3}},"2":{"start":{"line":4,"column":4},"end":{"line":4,"column":22}},"3":{"start":{"line":7,"column":2},"end":{"line":7,"column":19}},"4":{"start":{"line":10,"column":0},"end":{"line":10,"column":22}}},"fnMap":{"0":{"name":"range","decl":{"start":{"line":1,"column":9},"end":{"line":1,"column":14}},"loc":{"start":{"line":1,"column":27},"end":{"line":8,"column":1}},"line":1}},"branchMap":{},"s":{"0":1,"1":1,"2":10,"3":1,"4":54},"f":{"0":1},"b":{},"_coverageSchema":"332fd63041d2c1bcb487cc26dd0d5f7d97098a6c","hash":"fcb39f91d822d6f64f6764f43997b09ea0cac1d1"}
,"/home/august/projects/open-source/rambda/modules/reduce.js": {"path":"/home/august/projects/open-source/rambda/modules/reduce.js","statementMap":{"0":{"start":{"line":2,"column":2},"end":{"line":7,"column":3}},"1":{"start":{"line":3,"column":4},"end":{"line":3,"column":87}},"2":{"start":{"line":3,"column":46},"end":{"line":3,"column":87}},"3":{"start":{"line":4,"column":8},"end":{"line":7,"column":3}},"4":{"start":{"line":6,"column":4},"end":{"line":6,"column":53}},"5":{"start":{"line":6,"column":21},"end":{"line":6,"column":53}},"6":{"start":{"line":9,"column":2},"end":{"line":9,"column":37}},"7":{"start":{"line":12,"column":0},"end":{"line":12,"column":23}}},"fnMap":{"0":{"name":"reduce","decl":{"start":{"line":1,"column":9},"end":{"line":1,"column":15}},"loc":{"start":{"line":1,"column":39},"end":{"line":10,"column":1}},"line":1},"1":{"name":"(anonymous_1)","decl":{"start":{"line":3,"column":11},"end":{"line":3,"column":12}},"loc":{"start":{"line":3,"column":46},"end":{"line":3,"column":87}},"line":3},"2":{"name":"(anonymous_2)","decl":{"start":{"line":6,"column":11},"end":{"line":6,"column":12}},"loc":{"start":{"line":6,"column":21},"end":{"line":6,"column":53}},"line":6}},"branchMap":{"0":{"loc":{"start":{"line":2,"column":2},"end":{"line":7,"column":3}},"type":"if","locations":[{"start":{"line":2,"column":2},"end":{"line":7,"column":3}},{"start":{"line":2,"column":2},"end":{"line":7,"column":3}}],"line":2},"1":{"loc":{"start":{"line":4,"column":8},"end":{"line":7,"column":3}},"type":"if","locations":[{"start":{"line":4,"column":8},"end":{"line":7,"column":3}},{"start":{"line":4,"column":8},"end":{"line":7,"column":3}}],"line":4}},"s":{"0":6,"1":1,"2":1,"3":5,"4":2,"5":2,"6":3,"7":54},"f":{"0":6,"1":1,"2":2},"b":{"0":[1,5],"1":[2,3]},"_coverageSchema":"332fd63041d2c1bcb487cc26dd0d5f7d97098a6c","hash":"dc404e401104ad5474ffdaeccdbf6e490d3c582a"}
,"/home/august/projects/open-source/rambda/modules/repeat.js": {"path":"/home/august/projects/open-source/rambda/modules/repeat.js","statementMap":{"0":{"start":{"line":2,"column":2},"end":{"line":4,"column":3}},"1":{"start":{"line":3,"column":4},"end":{"line":3,"column":38}},"2":{"start":{"line":3,"column":21},"end":{"line":3,"column":38}},"3":{"start":{"line":5,"column":21},"end":{"line":5,"column":31}},"4":{"start":{"line":7,"column":2},"end":{"line":7,"column":27}},"5":{"start":{"line":10,"column":0},"end":{"line":10,"column":23}}},"fnMap":{"0":{"name":"repeat","decl":{"start":{"line":1,"column":9},"end":{"line":1,"column":15}},"loc":{"start":{"line":1,"column":24},"end":{"line":8,"column":1}},"line":1},"1":{"name":"(anonymous_1)","decl":{"start":{"line":3,"column":11},"end":{"line":3,"column":12}},"loc":{"start":{"line":3,"column":21},"end":{"line":3,"column":38}},"line":3}},"branchMap":{"0":{"loc":{"start":{"line":2,"column":2},"end":{"line":4,"column":3}},"type":"if","locations":[{"start":{"line":2,"column":2},"end":{"line":4,"column":3}},{"start":{"line":2,"column":2},"end":{"line":4,"column":3}}],"line":2}},"s":{"0":4,"1":1,"2":1,"3":3,"4":3,"5":54},"f":{"0":4,"1":1},"b":{"0":[1,3]},"_coverageSchema":"332fd63041d2c1bcb487cc26dd0d5f7d97098a6c","hash":"eff5e12783e3edce958e50d2ce98e43f7b6557ec"}
,"/home/august/projects/open-source/rambda/modules/replace.js": {"path":"/home/august/projects/open-source/rambda/modules/replace.js","statementMap":{"0":{"start":{"line":2,"column":2},"end":{"line":6,"column":3}},"1":{"start":{"line":3,"column":4},"end":{"line":3,"column":83}},"2":{"start":{"line":3,"column":42},"end":{"line":3,"column":83}},"3":{"start":{"line":4,"column":9},"end":{"line":6,"column":3}},"4":{"start":{"line":5,"column":4},"end":{"line":5,"column":53}},"5":{"start":{"line":5,"column":21},"end":{"line":5,"column":53}},"6":{"start":{"line":8,"column":2},"end":{"line":8,"column":37}},"7":{"start":{"line":11,"column":0},"end":{"line":11,"column":24}}},"fnMap":{"0":{"name":"replace","decl":{"start":{"line":1,"column":9},"end":{"line":1,"column":16}},"loc":{"start":{"line":1,"column":39},"end":{"line":9,"column":1}},"line":1},"1":{"name":"(anonymous_1)","decl":{"start":{"line":3,"column":11},"end":{"line":3,"column":12}},"loc":{"start":{"line":3,"column":42},"end":{"line":3,"column":83}},"line":3},"2":{"name":"(anonymous_2)","decl":{"start":{"line":5,"column":11},"end":{"line":5,"column":12}},"loc":{"start":{"line":5,"column":21},"end":{"line":5,"column":53}},"line":5}},"branchMap":{"0":{"loc":{"start":{"line":2,"column":2},"end":{"line":6,"column":3}},"type":"if","locations":[{"start":{"line":2,"column":2},"end":{"line":6,"column":3}},{"start":{"line":2,"column":2},"end":{"line":6,"column":3}}],"line":2},"1":{"loc":{"start":{"line":4,"column":9},"end":{"line":6,"column":3}},"type":"if","locations":[{"start":{"line":4,"column":9},"end":{"line":6,"column":3}},{"start":{"line":4,"column":9},"end":{"line":6,"column":3}}],"line":4}},"s":{"0":4,"1":1,"2":1,"3":3,"4":1,"5":1,"6":2,"7":54},"f":{"0":4,"1":1,"2":1},"b":{"0":[1,3],"1":[1,2]},"_coverageSchema":"332fd63041d2c1bcb487cc26dd0d5f7d97098a6c","hash":"b89075570172a30fc70596232c91f01e7465fe97"}
,"/home/august/projects/open-source/rambda/modules/sort.js": {"path":"/home/august/projects/open-source/rambda/modules/sort.js","statementMap":{"0":{"start":{"line":2,"column":2},"end":{"line":4,"column":3}},"1":{"start":{"line":3,"column":4},"end":{"line":3,"column":37}},"2":{"start":{"line":3,"column":21},"end":{"line":3,"column":37}},"3":{"start":{"line":5,"column":19},"end":{"line":5,"column":31}},"4":{"start":{"line":7,"column":2},"end":{"line":7,"column":26}},"5":{"start":{"line":10,"column":0},"end":{"line":10,"column":21}}},"fnMap":{"0":{"name":"sort","decl":{"start":{"line":1,"column":9},"end":{"line":1,"column":13}},"loc":{"start":{"line":1,"column":23},"end":{"line":8,"column":1}},"line":1},"1":{"name":"(anonymous_1)","decl":{"start":{"line":3,"column":11},"end":{"line":3,"column":12}},"loc":{"start":{"line":3,"column":21},"end":{"line":3,"column":37}},"line":3}},"branchMap":{"0":{"loc":{"start":{"line":2,"column":2},"end":{"line":4,"column":3}},"type":"if","locations":[{"start":{"line":2,"column":2},"end":{"line":4,"column":3}},{"start":{"line":2,"column":2},"end":{"line":4,"column":3}}],"line":2}},"s":{"0":4,"1":2,"2":2,"3":2,"4":2,"5":54},"f":{"0":4,"1":2},"b":{"0":[2,2]},"_coverageSchema":"332fd63041d2c1bcb487cc26dd0d5f7d97098a6c","hash":"54fb70a649782c0ead243a101a95755ca4961b66"}
,"/home/august/projects/open-source/rambda/modules/sortBy.js": {"path":"/home/august/projects/open-source/rambda/modules/sortBy.js","statementMap":{"0":{"start":{"line":2,"column":2},"end":{"line":4,"column":3}},"1":{"start":{"line":3,"column":4},"end":{"line":3,"column":39}},"2":{"start":{"line":3,"column":21},"end":{"line":3,"column":39}},"3":{"start":{"line":5,"column":19},"end":{"line":5,"column":31}},"4":{"start":{"line":7,"column":2},"end":{"line":15,"column":4}},"5":{"start":{"line":8,"column":16},"end":{"line":8,"column":21}},"6":{"start":{"line":9,"column":16},"end":{"line":9,"column":21}},"7":{"start":{"line":10,"column":4},"end":{"line":14,"column":9}},"8":{"start":{"line":18,"column":0},"end":{"line":18,"column":23}}},"fnMap":{"0":{"name":"sortBy","decl":{"start":{"line":1,"column":9},"end":{"line":1,"column":15}},"loc":{"start":{"line":1,"column":25},"end":{"line":16,"column":1}},"line":1},"1":{"name":"(anonymous_1)","decl":{"start":{"line":3,"column":11},"end":{"line":3,"column":12}},"loc":{"start":{"line":3,"column":21},"end":{"line":3,"column":39}},"line":3},"2":{"name":"(anonymous_2)","decl":{"start":{"line":7,"column":23},"end":{"line":7,"column":24}},"loc":{"start":{"line":7,"column":33},"end":{"line":15,"column":3}},"line":7}},"branchMap":{"0":{"loc":{"start":{"line":2,"column":2},"end":{"line":4,"column":3}},"type":"if","locations":[{"start":{"line":2,"column":2},"end":{"line":4,"column":3}},{"start":{"line":2,"column":2},"end":{"line":4,"column":3}}],"line":2},"1":{"loc":{"start":{"line":10,"column":11},"end":{"line":14,"column":9}},"type":"cond-expr","locations":[{"start":{"line":11,"column":6},"end":{"line":11,"column":8}},{"start":{"line":12,"column":6},"end":{"line":14,"column":9}}],"line":10},"2":{"loc":{"start":{"line":12,"column":6},"end":{"line":14,"column":9}},"type":"cond-expr","locations":[{"start":{"line":13,"column":8},"end":{"line":13,"column":9}},{"start":{"line":14,"column":8},"end":{"line":14,"column":9}}],"line":12}},"s":{"0":6,"1":1,"2":1,"3":5,"4":5,"5":13,"6":13,"7":13,"8":54},"f":{"0":6,"1":1,"2":13},"b":{"0":[1,5],"1":[2,11],"2":[9,2]},"_coverageSchema":"332fd63041d2c1bcb487cc26dd0d5f7d97098a6c","hash":"b37542943af352bab2e6e55f723161c331a4832f"}
,"/home/august/projects/open-source/rambda/modules/split.js": {"path":"/home/august/projects/open-source/rambda/modules/split.js","statementMap":{"0":{"start":{"line":2,"column":2},"end":{"line":4,"column":3}},"1":{"start":{"line":3,"column":4},"end":{"line":3,"column":40}},"2":{"start":{"line":3,"column":21},"end":{"line":3,"column":40}},"3":{"start":{"line":6,"column":2},"end":{"line":6,"column":24}},"4":{"start":{"line":9,"column":0},"end":{"line":9,"column":22}}},"fnMap":{"0":{"name":"split","decl":{"start":{"line":1,"column":9},"end":{"line":1,"column":14}},"loc":{"start":{"line":1,"column":26},"end":{"line":7,"column":1}},"line":1},"1":{"name":"(anonymous_1)","decl":{"start":{"line":3,"column":11},"end":{"line":3,"column":12}},"loc":{"start":{"line":3,"column":21},"end":{"line":3,"column":40}},"line":3}},"branchMap":{"0":{"loc":{"start":{"line":2,"column":2},"end":{"line":4,"column":3}},"type":"if","locations":[{"start":{"line":2,"column":2},"end":{"line":4,"column":3}},{"start":{"line":2,"column":2},"end":{"line":4,"column":3}}],"line":2}},"s":{"0":7,"1":3,"2":3,"3":4,"4":54},"f":{"0":7,"1":3},"b":{"0":[3,4]},"_coverageSchema":"332fd63041d2c1bcb487cc26dd0d5f7d97098a6c","hash":"fb65a6b166ef8d2bb771fd484ae89684393a5ddb"}
,"/home/august/projects/open-source/rambda/modules/splitEvery.js": {"path":"/home/august/projects/open-source/rambda/modules/splitEvery.js","statementMap":{"0":{"start":{"line":2,"column":2},"end":{"line":4,"column":3}},"1":{"start":{"line":3,"column":4},"end":{"line":3,"column":44}},"2":{"start":{"line":3,"column":21},"end":{"line":3,"column":44}},"3":{"start":{"line":5,"column":2},"end":{"line":7,"column":5}},"4":{"start":{"line":9,"column":21},"end":{"line":9,"column":23}},"5":{"start":{"line":10,"column":16},"end":{"line":10,"column":17}},"6":{"start":{"line":11,"column":2},"end":{"line":13,"column":3}},"7":{"start":{"line":12,"column":4},"end":{"line":12,"column":53}},"8":{"start":{"line":15,"column":2},"end":{"line":15,"column":19}},"9":{"start":{"line":18,"column":0},"end":{"line":18,"column":27}}},"fnMap":{"0":{"name":"splitEvery","decl":{"start":{"line":1,"column":9},"end":{"line":1,"column":19}},"loc":{"start":{"line":1,"column":28},"end":{"line":16,"column":1}},"line":1},"1":{"name":"(anonymous_1)","decl":{"start":{"line":3,"column":11},"end":{"line":3,"column":12}},"loc":{"start":{"line":3,"column":21},"end":{"line":3,"column":44}},"line":3}},"branchMap":{"0":{"loc":{"start":{"line":2,"column":2},"end":{"line":4,"column":3}},"type":"if","locations":[{"start":{"line":2,"column":2},"end":{"line":4,"column":3}},{"start":{"line":2,"column":2},"end":{"line":4,"column":3}}],"line":2},"1":{"loc":{"start":{"line":5,"column":8},"end":{"line":7,"column":5}},"type":"cond-expr","locations":[{"start":{"line":6,"column":4},"end":{"line":6,"column":7}},{"start":{"line":7,"column":4},"end":{"line":7,"column":5}}],"line":5}},"s":{"0":5,"1":2,"2":2,"3":3,"4":3,"5":3,"6":3,"7":9,"8":3,"9":54},"f":{"0":5,"1":2},"b":{"0":[2,3],"1":[2,1]},"_coverageSchema":"332fd63041d2c1bcb487cc26dd0d5f7d97098a6c","hash":"6d71e425e10c9e9ca04e61bd7ccc93b364f35a10"}
,"/home/august/projects/open-source/rambda/modules/subtract.js": {"path":"/home/august/projects/open-source/rambda/modules/subtract.js","statementMap":{"0":{"start":{"line":2,"column":2},"end":{"line":4,"column":3}},"1":{"start":{"line":3,"column":4},"end":{"line":3,"column":40}},"2":{"start":{"line":3,"column":21},"end":{"line":3,"column":40}},"3":{"start":{"line":6,"column":2},"end":{"line":6,"column":14}},"4":{"start":{"line":9,"column":0},"end":{"line":9,"column":25}}},"fnMap":{"0":{"name":"subtract","decl":{"start":{"line":1,"column":9},"end":{"line":1,"column":17}},"loc":{"start":{"line":1,"column":24},"end":{"line":7,"column":1}},"line":1},"1":{"name":"(anonymous_1)","decl":{"start":{"line":3,"column":11},"end":{"line":3,"column":12}},"loc":{"start":{"line":3,"column":21},"end":{"line":3,"column":40}},"line":3}},"branchMap":{"0":{"loc":{"start":{"line":2,"column":2},"end":{"line":4,"column":3}},"type":"if","locations":[{"start":{"line":2,"column":2},"end":{"line":4,"column":3}},{"start":{"line":2,"column":2},"end":{"line":4,"column":3}}],"line":2}},"s":{"0":12,"1":1,"2":1,"3":11,"4":54},"f":{"0":12,"1":1},"b":{"0":[1,11]},"_coverageSchema":"332fd63041d2c1bcb487cc26dd0d5f7d97098a6c","hash":"6f9d157fff49bea9a1c1c2c157d35b54bd43625c"}
,"/home/august/projects/open-source/rambda/modules/tail.js": {"path":"/home/august/projects/open-source/rambda/modules/tail.js","statementMap":{"0":{"start":{"line":1,"column":13},"end":{"line":1,"column":30}},"1":{"start":{"line":4,"column":2},"end":{"line":4,"column":21}},"2":{"start":{"line":7,"column":0},"end":{"line":7,"column":21}}},"fnMap":{"0":{"name":"tail","decl":{"start":{"line":2,"column":9},"end":{"line":2,"column":13}},"loc":{"start":{"line":2,"column":18},"end":{"line":5,"column":1}},"line":2}},"branchMap":{},"s":{"0":54,"1":9,"2":54},"f":{"0":9},"b":{},"_coverageSchema":"332fd63041d2c1bcb487cc26dd0d5f7d97098a6c","hash":"ebf2f5f3f6f227e4ad97edd2d160037ce3ddb129"}
,"/home/august/projects/open-source/rambda/modules/take.js": {"path":"/home/august/projects/open-source/rambda/modules/take.js","statementMap":{"0":{"start":{"line":1,"column":18},"end":{"line":1,"column":40}},"1":{"start":{"line":4,"column":2},"end":{"line":8,"column":3}},"2":{"start":{"line":5,"column":4},"end":{"line":5,"column":45}},"3":{"start":{"line":5,"column":21},"end":{"line":5,"column":45}},"4":{"start":{"line":6,"column":9},"end":{"line":8,"column":3}},"5":{"start":{"line":7,"column":4},"end":{"line":7,"column":33}},"6":{"start":{"line":10,"column":2},"end":{"line":10,"column":36}},"7":{"start":{"line":13,"column":0},"end":{"line":13,"column":21}}},"fnMap":{"0":{"name":"take","decl":{"start":{"line":3,"column":9},"end":{"line":3,"column":13}},"loc":{"start":{"line":3,"column":29},"end":{"line":11,"column":1}},"line":3},"1":{"name":"(anonymous_1)","decl":{"start":{"line":5,"column":11},"end":{"line":5,"column":12}},"loc":{"start":{"line":5,"column":21},"end":{"line":5,"column":45}},"line":5}},"branchMap":{"0":{"loc":{"start":{"line":4,"column":2},"end":{"line":8,"column":3}},"type":"if","locations":[{"start":{"line":4,"column":2},"end":{"line":8,"column":3}},{"start":{"line":4,"column":2},"end":{"line":8,"column":3}}],"line":4},"1":{"loc":{"start":{"line":6,"column":9},"end":{"line":8,"column":3}},"type":"if","locations":[{"start":{"line":6,"column":9},"end":{"line":8,"column":3}},{"start":{"line":6,"column":9},"end":{"line":8,"column":3}}],"line":6}},"s":{"0":54,"1":7,"2":2,"3":2,"4":5,"5":1,"6":4,"7":54},"f":{"0":7,"1":2},"b":{"0":[2,5],"1":[1,4]},"_coverageSchema":"332fd63041d2c1bcb487cc26dd0d5f7d97098a6c","hash":"1f28317e06dc30a8f70360db2b73ca6ba70a1325"}
,"/home/august/projects/open-source/rambda/modules/takeLast.js": {"path":"/home/august/projects/open-source/rambda/modules/takeLast.js","statementMap":{"0":{"start":{"line":1,"column":18},"end":{"line":1,"column":40}},"1":{"start":{"line":4,"column":2},"end":{"line":6,"column":3}},"2":{"start":{"line":5,"column":4},"end":{"line":5,"column":49}},"3":{"start":{"line":5,"column":21},"end":{"line":5,"column":49}},"4":{"start":{"line":7,"column":14},"end":{"line":7,"column":22}},"5":{"start":{"line":8,"column":2},"end":{"line":10,"column":14}},"6":{"start":{"line":12,"column":2},"end":{"line":14,"column":3}},"7":{"start":{"line":13,"column":4},"end":{"line":13,"column":36}},"8":{"start":{"line":15,"column":2},"end":{"line":15,"column":31}},"9":{"start":{"line":17,"column":2},"end":{"line":17,"column":38}},"10":{"start":{"line":20,"column":0},"end":{"line":20,"column":25}}},"fnMap":{"0":{"name":"takeLast","decl":{"start":{"line":3,"column":9},"end":{"line":3,"column":17}},"loc":{"start":{"line":3,"column":33},"end":{"line":18,"column":1}},"line":3},"1":{"name":"(anonymous_1)","decl":{"start":{"line":5,"column":11},"end":{"line":5,"column":12}},"loc":{"start":{"line":5,"column":21},"end":{"line":5,"column":49}},"line":5}},"branchMap":{"0":{"loc":{"start":{"line":4,"column":2},"end":{"line":6,"column":3}},"type":"if","locations":[{"start":{"line":4,"column":2},"end":{"line":6,"column":3}},{"start":{"line":4,"column":2},"end":{"line":6,"column":3}}],"line":4},"1":{"loc":{"start":{"line":8,"column":15},"end":{"line":10,"column":14}},"type":"cond-expr","locations":[{"start":{"line":9,"column":4},"end":{"line":9,"column":7}},{"start":{"line":10,"column":4},"end":{"line":10,"column":14}}],"line":8},"2":{"loc":{"start":{"line":12,"column":2},"end":{"line":14,"column":3}},"type":"if","locations":[{"start":{"line":12,"column":2},"end":{"line":14,"column":3}},{"start":{"line":12,"column":2},"end":{"line":14,"column":3}}],"line":12}},"s":{"0":54,"1":10,"2":2,"3":2,"4":8,"5":8,"6":8,"7":2,"8":6,"9":6,"10":54},"f":{"0":10,"1":2},"b":{"0":[2,8],"1":[3,5],"2":[2,6]},"_coverageSchema":"332fd63041d2c1bcb487cc26dd0d5f7d97098a6c","hash":"598aea71ee76d244bfaf710180d510d29ad6d36a"}
,"/home/august/projects/open-source/rambda/modules/testFn.js": {"path":"/home/august/projects/open-source/rambda/modules/testFn.js","statementMap":{"0":{"start":{"line":2,"column":2},"end":{"line":4,"column":3}},"1":{"start":{"line":3,"column":4},"end":{"line":3,"column":40}},"2":{"start":{"line":3,"column":21},"end":{"line":3,"column":40}},"3":{"start":{"line":6,"column":2},"end":{"line":8,"column":8}},"4":{"start":{"line":11,"column":0},"end":{"line":11,"column":21}}},"fnMap":{"0":{"name":"test","decl":{"start":{"line":1,"column":9},"end":{"line":1,"column":13}},"loc":{"start":{"line":1,"column":25},"end":{"line":9,"column":1}},"line":1},"1":{"name":"(anonymous_1)","decl":{"start":{"line":3,"column":11},"end":{"line":3,"column":12}},"loc":{"start":{"line":3,"column":21},"end":{"line":3,"column":40}},"line":3}},"branchMap":{"0":{"loc":{"start":{"line":2,"column":2},"end":{"line":4,"column":3}},"type":"if","locations":[{"start":{"line":2,"column":2},"end":{"line":4,"column":3}},{"start":{"line":2,"column":2},"end":{"line":4,"column":3}}],"line":2},"1":{"loc":{"start":{"line":6,"column":9},"end":{"line":8,"column":8}},"type":"cond-expr","locations":[{"start":{"line":7,"column":4},"end":{"line":7,"column":9}},{"start":{"line":8,"column":4},"end":{"line":8,"column":8}}],"line":6}},"s":{"0":3,"1":1,"2":1,"3":2,"4":54},"f":{"0":3,"1":1},"b":{"0":[1,2],"1":[1,1]},"_coverageSchema":"332fd63041d2c1bcb487cc26dd0d5f7d97098a6c","hash":"30ec3ad2355578205e327333f9274071c2adec8d"}
,"/home/august/projects/open-source/rambda/modules/toLower.js": {"path":"/home/august/projects/open-source/rambda/modules/toLower.js","statementMap":{"0":{"start":{"line":3,"column":2},"end":{"line":3,"column":26}},"1":{"start":{"line":6,"column":0},"end":{"line":6,"column":24}}},"fnMap":{"0":{"name":"toLower","decl":{"start":{"line":1,"column":9},"end":{"line":1,"column":16}},"loc":{"start":{"line":1,"column":21},"end":{"line":4,"column":1}},"line":1}},"branchMap":{},"s":{"0":15,"1":54},"f":{"0":15},"b":{},"_coverageSchema":"332fd63041d2c1bcb487cc26dd0d5f7d97098a6c","hash":"7c780fea462ca7811c2680d446e729750e77bdb1"}
,"/home/august/projects/open-source/rambda/modules/toUpper.js": {"path":"/home/august/projects/open-source/rambda/modules/toUpper.js","statementMap":{"0":{"start":{"line":3,"column":2},"end":{"line":3,"column":26}},"1":{"start":{"line":6,"column":0},"end":{"line":6,"column":24}}},"fnMap":{"0":{"name":"toUpper","decl":{"start":{"line":1,"column":9},"end":{"line":1,"column":16}},"loc":{"start":{"line":1,"column":21},"end":{"line":4,"column":1}},"line":1}},"branchMap":{},"s":{"0":11,"1":54},"f":{"0":11},"b":{},"_coverageSchema":"332fd63041d2c1bcb487cc26dd0d5f7d97098a6c","hash":"7f3fdba7bae1cb35d06043072505fd876188dee5"}
,"/home/august/projects/open-source/rambda/modules/trim.js": {"path":"/home/august/projects/open-source/rambda/modules/trim.js","statementMap":{"0":{"start":{"line":3,"column":2},"end":{"line":3,"column":19}},"1":{"start":{"line":6,"column":0},"end":{"line":6,"column":21}}},"fnMap":{"0":{"name":"trim","decl":{"start":{"line":1,"column":9},"end":{"line":1,"column":13}},"loc":{"start":{"line":1,"column":18},"end":{"line":4,"column":1}},"line":1}},"branchMap":{},"s":{"0":1,"1":54},"f":{"0":1},"b":{},"_coverageSchema":"332fd63041d2c1bcb487cc26dd0d5f7d97098a6c","hash":"c8c02201931f8b593c84b5b49069536ac2831821"}
,"/home/august/projects/open-source/rambda/modules/type.js": {"path":"/home/august/projects/open-source/rambda/modules/type.js","statementMap":{"0":{"start":{"line":2,"column":2},"end":{"line":23,"column":3}},"1":{"start":{"line":4,"column":4},"end":{"line":4,"column":17}},"2":{"start":{"line":5,"column":9},"end":{"line":23,"column":3}},"3":{"start":{"line":7,"column":4},"end":{"line":7,"column":18}},"4":{"start":{"line":8,"column":9},"end":{"line":23,"column":3}},"5":{"start":{"line":10,"column":4},"end":{"line":10,"column":20}},"6":{"start":{"line":11,"column":9},"end":{"line":23,"column":3}},"7":{"start":{"line":13,"column":4},"end":{"line":13,"column":19}},"8":{"start":{"line":14,"column":9},"end":{"line":23,"column":3}},"9":{"start":{"line":16,"column":4},"end":{"line":16,"column":19}},"10":{"start":{"line":17,"column":9},"end":{"line":23,"column":3}},"11":{"start":{"line":19,"column":4},"end":{"line":19,"column":22}},"12":{"start":{"line":20,"column":9},"end":{"line":23,"column":3}},"13":{"start":{"line":22,"column":4},"end":{"line":22,"column":19}},"14":{"start":{"line":25,"column":16},"end":{"line":25,"column":28}},"15":{"start":{"line":27,"column":2},"end":{"line":33,"column":3}},"16":{"start":{"line":28,"column":4},"end":{"line":28,"column":18}},"17":{"start":{"line":29,"column":8},"end":{"line":33,"column":3}},"18":{"start":{"line":30,"column":4},"end":{"line":30,"column":20}},"19":{"start":{"line":31,"column":8},"end":{"line":33,"column":3}},"20":{"start":{"line":32,"column":4},"end":{"line":32,"column":21}},"21":{"start":{"line":35,"column":2},"end":{"line":35,"column":17}},"22":{"start":{"line":38,"column":0},"end":{"line":38,"column":21}}},"fnMap":{"0":{"name":"type","decl":{"start":{"line":1,"column":9},"end":{"line":1,"column":13}},"loc":{"start":{"line":1,"column":16},"end":{"line":36,"column":1}},"line":1}},"branchMap":{"0":{"loc":{"start":{"line":2,"column":2},"end":{"line":23,"column":3}},"type":"if","locations":[{"start":{"line":2,"column":2},"end":{"line":23,"column":3}},{"start":{"line":2,"column":2},"end":{"line":23,"column":3}}],"line":2},"1":{"loc":{"start":{"line":5,"column":9},"end":{"line":23,"column":3}},"type":"if","locations":[{"start":{"line":5,"column":9},"end":{"line":23,"column":3}},{"start":{"line":5,"column":9},"end":{"line":23,"column":3}}],"line":5},"2":{"loc":{"start":{"line":8,"column":9},"end":{"line":23,"column":3}},"type":"if","locations":[{"start":{"line":8,"column":9},"end":{"line":23,"column":3}},{"start":{"line":8,"column":9},"end":{"line":23,"column":3}}],"line":8},"3":{"loc":{"start":{"line":11,"column":9},"end":{"line":23,"column":3}},"type":"if","locations":[{"start":{"line":11,"column":9},"end":{"line":23,"column":3}},{"start":{"line":11,"column":9},"end":{"line":23,"column":3}}],"line":11},"4":{"loc":{"start":{"line":14,"column":9},"end":{"line":23,"column":3}},"type":"if","locations":[{"start":{"line":14,"column":9},"end":{"line":23,"column":3}},{"start":{"line":14,"column":9},"end":{"line":23,"column":3}}],"line":14},"5":{"loc":{"start":{"line":17,"column":9},"end":{"line":23,"column":3}},"type":"if","locations":[{"start":{"line":17,"column":9},"end":{"line":23,"column":3}},{"start":{"line":17,"column":9},"end":{"line":23,"column":3}}],"line":17},"6":{"loc":{"start":{"line":20,"column":9},"end":{"line":23,"column":3}},"type":"if","locations":[{"start":{"line":20,"column":9},"end":{"line":23,"column":3}},{"start":{"line":20,"column":9},"end":{"line":23,"column":3}}],"line":20},"7":{"loc":{"start":{"line":27,"column":2},"end":{"line":33,"column":3}},"type":"if","locations":[{"start":{"line":27,"column":2},"end":{"line":33,"column":3}},{"start":{"line":27,"column":2},"end":{"line":33,"column":3}}],"line":27},"8":{"loc":{"start":{"line":29,"column":8},"end":{"line":33,"column":3}},"type":"if","locations":[{"start":{"line":29,"column":8},"end":{"line":33,"column":3}},{"start":{"line":29,"column":8},"end":{"line":33,"column":3}}],"line":29},"9":{"loc":{"start":{"line":31,"column":8},"end":{"line":33,"column":3}},"type":"if","locations":[{"start":{"line":31,"column":8},"end":{"line":33,"column":3}},{"start":{"line":31,"column":8},"end":{"line":33,"column":3}}],"line":31},"10":{"loc":{"start":{"line":31,"column":11},"end":{"line":31,"column":59}},"type":"binary-expr","locations":[{"start":{"line":31,"column":11},"end":{"line":31,"column":37}},{"start":{"line":31,"column":39},"end":{"line":31,"column":59}}],"line":31}},"s":{"0":143,"1":3,"2":140,"3":9,"4":131,"5":4,"6":127,"7":63,"8":64,"9":8,"10":56,"11":2,"12":54,"13":2,"14":52,"15":52,"16":3,"17":49,"18":1,"19":48,"20":7,"21":41,"22":54},"f":{"0":143},"b":{"0":[3,140],"1":[9,131],"2":[4,127],"3":[63,64],"4":[8,56],"5":[2,54],"6":[2,52],"7":[3,49],"8":[1,48],"9":[7,41],"10":[48,46]},"_coverageSchema":"332fd63041d2c1bcb487cc26dd0d5f7d97098a6c","hash":"4b06ffa1c9d0ad857eaa30163095e94d94b4b7a1"}
,"/home/august/projects/open-source/rambda/modules/uniq.js": {"path":"/home/august/projects/open-source/rambda/modules/uniq.js","statementMap":{"0":{"start":{"line":1,"column":17},"end":{"line":1,"column":38}},"1":{"start":{"line":4,"column":14},"end":{"line":4,"column":16}},"2":{"start":{"line":5,"column":21},"end":{"line":5,"column":23}},"3":{"start":{"line":6,"column":2},"end":{"line":11,"column":3}},"4":{"start":{"line":7,"column":18},"end":{"line":7,"column":30}},"5":{"start":{"line":8,"column":4},"end":{"line":10,"column":5}},"6":{"start":{"line":9,"column":6},"end":{"line":9,"column":28}},"7":{"start":{"line":13,"column":2},"end":{"line":13,"column":19}},"8":{"start":{"line":16,"column":0},"end":{"line":16,"column":21}}},"fnMap":{"0":{"name":"uniq","decl":{"start":{"line":3,"column":9},"end":{"line":3,"column":13}},"loc":{"start":{"line":3,"column":18},"end":{"line":14,"column":1}},"line":3}},"branchMap":{"0":{"loc":{"start":{"line":8,"column":4},"end":{"line":10,"column":5}},"type":"if","locations":[{"start":{"line":8,"column":4},"end":{"line":10,"column":5}},{"start":{"line":8,"column":4},"end":{"line":10,"column":5}}],"line":8}},"s":{"0":54,"1":3,"2":3,"3":3,"4":14,"5":14,"6":7,"7":3,"8":54},"f":{"0":3},"b":{"0":[7,7]},"_coverageSchema":"332fd63041d2c1bcb487cc26dd0d5f7d97098a6c","hash":"5a3e6f2d9b08e03557a6bf485e17a4b7fc92eeab"}
,"/home/august/projects/open-source/rambda/modules/update.js": {"path":"/home/august/projects/open-source/rambda/modules/update.js","statementMap":{"0":{"start":{"line":2,"column":2},"end":{"line":6,"column":3}},"1":{"start":{"line":3,"column":4},"end":{"line":3,"column":82}},"2":{"start":{"line":3,"column":42},"end":{"line":3,"column":82}},"3":{"start":{"line":4,"column":9},"end":{"line":6,"column":3}},"4":{"start":{"line":5,"column":4},"end":{"line":5,"column":52}},"5":{"start":{"line":5,"column":21},"end":{"line":5,"column":52}},"6":{"start":{"line":7,"column":19},"end":{"line":7,"column":31}},"7":{"start":{"line":9,"column":2},"end":{"line":9,"column":50}},"8":{"start":{"line":12,"column":0},"end":{"line":12,"column":23}}},"fnMap":{"0":{"name":"update","decl":{"start":{"line":1,"column":9},"end":{"line":1,"column":15}},"loc":{"start":{"line":1,"column":37},"end":{"line":10,"column":1}},"line":1},"1":{"name":"(anonymous_1)","decl":{"start":{"line":3,"column":11},"end":{"line":3,"column":12}},"loc":{"start":{"line":3,"column":42},"end":{"line":3,"column":82}},"line":3},"2":{"name":"(anonymous_2)","decl":{"start":{"line":5,"column":11},"end":{"line":5,"column":12}},"loc":{"start":{"line":5,"column":21},"end":{"line":5,"column":52}},"line":5}},"branchMap":{"0":{"loc":{"start":{"line":2,"column":2},"end":{"line":6,"column":3}},"type":"if","locations":[{"start":{"line":2,"column":2},"end":{"line":6,"column":3}},{"start":{"line":2,"column":2},"end":{"line":6,"column":3}}],"line":2},"1":{"loc":{"start":{"line":4,"column":9},"end":{"line":6,"column":3}},"type":"if","locations":[{"start":{"line":4,"column":9},"end":{"line":6,"column":3}},{"start":{"line":4,"column":9},"end":{"line":6,"column":3}}],"line":4}},"s":{"0":4,"1":1,"2":1,"3":3,"4":1,"5":1,"6":2,"7":2,"8":54},"f":{"0":4,"1":1,"2":1},"b":{"0":[1,3],"1":[1,2]},"_coverageSchema":"332fd63041d2c1bcb487cc26dd0d5f7d97098a6c","hash":"5b4fda3e6371d3a392317fe111824db2346baf16"}
,"/home/august/projects/open-source/rambda/modules/values.js": {"path":"/home/august/projects/open-source/rambda/modules/values.js","statementMap":{"0":{"start":{"line":2,"column":21},"end":{"line":2,"column":23}},"1":{"start":{"line":3,"column":2},"end":{"line":5,"column":3}},"2":{"start":{"line":4,"column":4},"end":{"line":4,"column":31}},"3":{"start":{"line":7,"column":2},"end":{"line":7,"column":19}},"4":{"start":{"line":10,"column":0},"end":{"line":10,"column":23}}},"fnMap":{"0":{"name":"values","decl":{"start":{"line":1,"column":9},"end":{"line":1,"column":15}},"loc":{"start":{"line":1,"column":20},"end":{"line":8,"column":1}},"line":1}},"branchMap":{},"s":{"0":1,"1":1,"2":3,"3":1,"4":54},"f":{"0":1},"b":{},"_coverageSchema":"332fd63041d2c1bcb487cc26dd0d5f7d97098a6c","hash":"272ec2b9fa8a9dbb53377fa42e541d05b77c01c6"}
}
