TN:
SF:/home/august/projects/open-source/rambda/rambda.js
FNF:0
FNH:0
DA:1,54
DA:2,54
DA:3,54
DA:4,54
DA:5,54
DA:6,54
DA:7,54
DA:8,54
DA:9,54
DA:10,54
DA:11,54
DA:12,54
DA:13,54
DA:14,54
DA:15,54
DA:16,54
DA:17,54
DA:18,54
DA:19,54
DA:20,54
DA:21,54
DA:22,54
DA:23,54
DA:24,54
DA:25,54
DA:26,54
DA:27,54
DA:28,54
DA:29,54
DA:30,54
DA:31,54
DA:32,54
DA:33,54
DA:34,54
DA:35,54
DA:36,54
DA:37,54
DA:38,54
DA:39,54
DA:40,54
DA:41,54
DA:42,54
DA:43,54
DA:44,54
DA:45,54
DA:46,54
DA:47,54
DA:48,54
DA:49,54
DA:50,54
DA:51,54
DA:52,54
DA:53,54
DA:54,54
LF:54
LH:54
BRF:0
BRH:0
end_of_record
TN:
SF:/home/august/projects/open-source/rambda/modules/add.js
FN:1,add
FNF:1
FNH:1
FNDA:21,add
DA:2,21
DA:3,8
DA:6,13
DA:9,54
LF:4
LH:4
BRDA:2,0,0,8
BRDA:2,0,1,13
BRF:2
BRH:2
end_of_record
TN:
SF:/home/august/projects/open-source/rambda/modules/addIndex.js
FN:1,addIndex
FN:2,(anonymous_1)
FN:4,(anonymous_2)
FNF:3
FNH:3
FNDA:2,addIndex
FNDA:2,(anonymous_1)
FNDA:4,(anonymous_2)
DA:2,2
DA:3,2
DA:4,4
DA:5,2
DA:9,54
LF:5
LH:5
BRF:0
BRH:0
end_of_record
TN:
SF:/home/august/projects/open-source/rambda/modules/adjust.js
FN:1,adjust
FNF:1
FNH:1
FNDA:10,adjust
DA:2,10
DA:3,2
DA:4,8
DA:5,3
DA:7,5
DA:8,0
DA:10,5
DA:11,5
DA:13,5
DA:16,54
LF:10
LH:9
BRDA:2,0,0,2
BRDA:2,0,1,8
BRDA:4,1,0,3
BRDA:4,1,1,5
BRDA:7,2,0,0
BRDA:7,2,1,5
BRF:6
BRH:5
end_of_record
TN:
SF:/home/august/projects/open-source/rambda/modules/any.js
FN:1,any
FN:3,(anonymous_1)
FNF:2
FNH:2
FNDA:4,any
FNDA:2,(anonymous_1)
DA:2,4
DA:3,2
DA:6,2
DA:7,2
DA:8,3
DA:9,1
DA:11,2
DA:14,1
DA:17,54
LF:9
LH:9
BRDA:2,0,0,2
BRDA:2,0,1,2
BRDA:8,1,0,1
BRDA:8,1,1,2
BRF:4
BRH:4
end_of_record
TN:
SF:/home/august/projects/open-source/rambda/modules/append.js
FN:1,append
FN:3,(anonymous_1)
FNF:2
FNH:2
FNDA:10,append
FNDA:4,(anonymous_1)
DA:2,10
DA:3,4
DA:5,8
DA:6,8
DA:8,8
DA:11,54
LF:6
LH:6
BRDA:2,0,0,2
BRDA:2,0,1,8
BRF:2
BRH:2
end_of_record
TN:
SF:/home/august/projects/open-source/rambda/modules/baseSlice.js
FN:1,baseSlice
FNF:1
FNH:1
FNDA:15,baseSlice
DA:2,15
DA:3,15
DA:5,15
DA:6,15
DA:7,5
DA:9,15
DA:10,15
DA:12,15
DA:13,15
DA:14,31
DA:17,15
DA:20,54
LF:12
LH:12
BRDA:5,0,0,1
BRDA:5,0,1,14
BRDA:6,1,0,5
BRDA:6,1,1,10
BRDA:9,2,0,0
BRDA:9,2,1,15
BRF:6
BRH:5
end_of_record
TN:
SF:/home/august/projects/open-source/rambda/modules/compose.js
FN:2,(anonymous_0)
FN:3,(anonymous_1)
FNF:2
FNH:2
FNDA:9,(anonymous_0)
FNDA:14,(anonymous_1)
DA:2,54
DA:3,9
DA:4,14
DA:6,14
DA:7,35
DA:10,14
DA:13,54
LF:7
LH:7
BRF:0
BRH:0
end_of_record
TN:
SF:/home/august/projects/open-source/rambda/modules/contains.js
FN:3,contains
FN:5,(anonymous_1)
FNF:2
FNH:2
FNDA:18,contains
FNDA:1,(anonymous_1)
DA:1,54
DA:4,18
DA:5,1
DA:8,17
DA:9,17
DA:10,17
DA:11,26
DA:12,9
DA:16,17
DA:19,54
LF:10
LH:10
BRDA:4,0,0,1
BRDA:4,0,1,17
BRDA:10,1,0,43
BRDA:10,1,1,29
BRDA:11,2,0,9
BRDA:11,2,1,17
BRF:6
BRH:6
end_of_record
TN:
SF:/home/august/projects/open-source/rambda/modules/curry.js
FN:3,curry
FN:4,(anonymous_1)
FN:4,(anonymous_2)
FNF:3
FNH:3
FNDA:5,curry
FNDA:7,(anonymous_1)
FNDA:7,(anonymous_2)
DA:4,7
DA:7,54
LF:2
LH:2
BRDA:3,0,0,3
BRDA:4,1,0,5
BRDA:4,1,1,2
BRF:3
BRH:3
end_of_record
TN:
SF:/home/august/projects/open-source/rambda/modules/defaultTo.js
FN:3,defaultTo
FN:5,(anonymous_1)
FNF:2
FNH:2
FNDA:6,defaultTo
FNDA:1,(anonymous_1)
DA:1,54
DA:4,6
DA:5,1
DA:7,5
DA:12,54
LF:5
LH:5
BRDA:4,0,0,1
BRDA:4,0,1,5
BRDA:7,1,0,4
BRDA:7,1,1,1
BRDA:7,2,0,5
BRDA:7,2,1,3
BRF:6
BRH:6
end_of_record
TN:
SF:/home/august/projects/open-source/rambda/modules/drop.js
FN:1,drop
FN:3,(anonymous_1)
FNF:2
FNH:2
FNDA:15,drop
FNDA:1,(anonymous_1)
DA:2,15
DA:3,1
DA:6,14
DA:9,54
LF:4
LH:4
BRDA:2,0,0,1
BRDA:2,0,1,14
BRF:2
BRH:2
end_of_record
TN:
SF:/home/august/projects/open-source/rambda/modules/dropLast.js
FN:1,dropLast
FN:3,(anonymous_1)
FNF:2
FNH:2
FNDA:6,dropLast
FNDA:1,(anonymous_1)
DA:2,6
DA:3,1
DA:6,5
DA:9,54
LF:4
LH:4
BRDA:2,0,0,1
BRDA:2,0,1,5
BRF:2
BRH:2
end_of_record
TN:
SF:/home/august/projects/open-source/rambda/modules/equals.js
FN:3,equals
FN:6,(anonymous_1)
FN:30,(anonymous_2)
FNF:3
FNH:3
FNDA:61,equals
FNDA:1,(anonymous_1)
FNDA:16,(anonymous_2)
DA:1,54
DA:4,61
DA:6,1
DA:7,60
DA:9,17
DA:11,43
DA:12,43
DA:13,4
DA:16,39
DA:17,4
DA:18,4
DA:20,4
DA:23,35
DA:24,14
DA:25,14
DA:26,13
DA:27,1
DA:29,12
DA:30,12
DA:31,16
DA:32,16
DA:33,16
DA:34,16
DA:35,15
DA:36,6
DA:37,5
DA:38,4
DA:39,2
DA:43,1
DA:45,9
DA:46,3
DA:49,1
DA:54,12
DA:58,22
DA:61,54
LF:35
LH:35
BRDA:4,0,0,1
BRDA:4,0,1,60
BRDA:7,1,0,17
BRDA:7,1,1,43
BRDA:9,2,0,17
BRDA:9,2,1,0
BRDA:12,3,0,4
BRDA:12,3,1,39
BRDA:16,4,0,4
BRDA:16,4,1,35
BRDA:23,5,0,14
BRDA:23,5,1,21
BRDA:25,6,0,13
BRDA:25,6,1,1
BRDA:26,7,0,1
BRDA:26,7,1,12
BRDA:31,8,0,16
BRDA:31,8,1,0
BRDA:34,9,0,15
BRDA:34,9,1,1
BRDA:35,10,0,6
BRDA:35,10,1,9
BRDA:36,11,0,5
BRDA:36,11,1,1
BRDA:37,12,0,4
BRDA:37,12,1,1
BRDA:38,13,0,2
BRDA:38,13,1,2
BRDA:45,14,0,3
BRDA:45,14,1,6
BRF:30
BRH:28
end_of_record
TN:
SF:/home/august/projects/open-source/rambda/modules/filter.js
FN:1,filter
FN:3,(anonymous_1)
FNF:2
FNH:2
FNDA:3,filter
FNDA:1,(anonymous_1)
DA:2,3
DA:3,1
DA:6,2
DA:7,2
DA:8,2
DA:9,2
DA:11,2
DA:12,15
DA:13,15
DA:14,10
DA:18,2
DA:21,54
LF:12
LH:12
BRDA:2,0,0,1
BRDA:2,0,1,2
BRDA:13,1,0,10
BRDA:13,1,1,5
BRF:4
BRH:4
end_of_record
TN:
SF:/home/august/projects/open-source/rambda/modules/find.js
FN:1,find
FN:3,(anonymous_1)
FNF:2
FNH:2
FNDA:4,find
FNDA:2,(anonymous_1)
DA:2,4
DA:3,2
DA:6,2
DA:9,54
LF:4
LH:4
BRDA:2,0,0,2
BRDA:2,0,1,2
BRF:2
BRH:2
end_of_record
TN:
SF:/home/august/projects/open-source/rambda/modules/findIndex.js
FN:1,findIndex
FN:3,(anonymous_1)
FNF:2
FNH:2
FNDA:6,findIndex
FNDA:3,(anonymous_1)
DA:2,6
DA:3,3
DA:6,3
DA:7,3
DA:9,3
DA:10,6
DA:11,2
DA:15,1
DA:18,54
LF:9
LH:9
BRDA:2,0,0,3
BRDA:2,0,1,3
BRDA:10,1,0,2
BRDA:10,1,1,4
BRF:4
BRH:4
end_of_record
TN:
SF:/home/august/projects/open-source/rambda/modules/flatten.js
FN:1,flatten
FNF:1
FNH:1
FNDA:32,flatten
DA:2,32
DA:6,32
DA:7,60
DA:8,26
DA:10,34
DA:14,32
DA:17,54
LF:7
LH:7
BRDA:2,0,0,6
BRDA:2,0,1,26
BRDA:7,1,0,26
BRDA:7,1,1,34
BRF:4
BRH:4
end_of_record
TN:
SF:/home/august/projects/open-source/rambda/modules/has.js
FN:1,has
FN:3,(anonymous_1)
FNF:2
FNH:2
FNDA:3,has
FNDA:1,(anonymous_1)
DA:2,3
DA:3,1
DA:6,2
DA:9,54
LF:4
LH:4
BRDA:2,0,0,1
BRDA:2,0,1,2
BRF:2
BRH:2
end_of_record
TN:
SF:/home/august/projects/open-source/rambda/modules/head.js
FN:1,head
FNF:1
FNH:1
FNDA:4,head
DA:2,4
DA:3,2
DA:6,2
DA:9,54
LF:4
LH:4
BRDA:2,0,0,2
BRDA:2,0,1,2
BRDA:3,1,0,2
BRDA:3,1,1,1
BRF:4
BRH:4
end_of_record
TN:
SF:/home/august/projects/open-source/rambda/modules/indexOf.js
FN:1,indexOf
FN:3,(anonymous_1)
FNF:2
FNH:2
FNDA:3,indexOf
FNDA:1,(anonymous_1)
DA:2,3
DA:3,1
DA:6,2
DA:7,2
DA:9,2
DA:10,7
DA:11,1
DA:15,1
DA:18,54
LF:9
LH:9
BRDA:2,0,0,1
BRDA:2,0,1,2
BRDA:10,1,0,1
BRDA:10,1,1,6
BRF:4
BRH:4
end_of_record
TN:
SF:/home/august/projects/open-source/rambda/modules/init.js
FN:3,init
FNF:1
FNH:1
FNDA:10,init
DA:1,54
DA:4,10
DA:5,3
DA:8,7
DA:11,54
LF:5
LH:5
BRDA:4,0,0,3
BRDA:4,0,1,7
BRDA:8,1,0,5
BRDA:8,1,1,2
BRF:4
BRH:4
end_of_record
TN:
SF:/home/august/projects/open-source/rambda/modules/join.js
FN:1,join
FN:3,(anonymous_1)
FNF:2
FNH:2
FNDA:10,join
FNDA:5,(anonymous_1)
DA:2,10
DA:3,5
DA:6,5
DA:9,54
LF:4
LH:4
BRDA:2,0,0,5
BRDA:2,0,1,5
BRF:2
BRH:2
end_of_record
TN:
SF:/home/august/projects/open-source/rambda/modules/last.js
FN:1,last
FNF:1
FNH:1
FNDA:9,last
DA:2,9
DA:3,5
DA:6,4
DA:9,54
LF:4
LH:4
BRDA:2,0,0,5
BRDA:2,0,1,4
BRDA:3,1,0,5
BRDA:3,1,1,1
BRF:4
BRH:4
end_of_record
TN:
SF:/home/august/projects/open-source/rambda/modules/length.js
FN:1,length
FNF:1
FNH:1
FNDA:3,length
DA:3,3
DA:6,54
LF:2
LH:2
BRF:0
BRH:0
end_of_record
TN:
SF:/home/august/projects/open-source/rambda/modules/map.js
FN:1,map
FN:3,(anonymous_1)
FNF:2
FNH:2
FNDA:19,map
FNDA:8,(anonymous_1)
DA:2,19
DA:3,8
DA:6,11
DA:7,11
DA:8,11
DA:10,11
DA:11,51
DA:14,11
DA:17,54
LF:9
LH:9
BRDA:2,0,0,8
BRDA:2,0,1,11
BRF:2
BRH:2
end_of_record
TN:
SF:/home/august/projects/open-source/rambda/modules/match.js
FN:1,match
FN:3,(anonymous_1)
FNF:2
FNH:2
FNDA:5,match
FNDA:2,(anonymous_1)
DA:2,5
DA:3,2
DA:5,3
DA:7,2
DA:12,54
LF:5
LH:5
BRDA:2,0,0,2
BRDA:2,0,1,3
BRDA:7,1,0,1
BRDA:7,1,1,1
BRF:4
BRH:4
end_of_record
TN:
SF:/home/august/projects/open-source/rambda/modules/merge.js
FN:1,merge
FN:3,(anonymous_1)
FNF:2
FNH:2
FNDA:4,merge
FNDA:1,(anonymous_1)
DA:2,4
DA:3,1
DA:6,3
DA:9,54
LF:4
LH:4
BRDA:2,0,0,1
BRDA:2,0,1,3
BRF:2
BRH:2
end_of_record
TN:
SF:/home/august/projects/open-source/rambda/modules/omit.js
FN:1,omit
FN:3,(anonymous_1)
FNF:2
FNH:2
FNDA:2,omit
FNDA:1,(anonymous_1)
DA:2,2
DA:3,1
DA:6,1
DA:7,1
DA:8,3
DA:9,1
DA:13,1
DA:16,54
LF:8
LH:8
BRDA:2,0,0,1
BRDA:2,0,1,1
BRDA:8,1,0,1
BRDA:8,1,1,2
BRF:4
BRH:4
end_of_record
TN:
SF:/home/august/projects/open-source/rambda/modules/partialCurry.js
FN:4,curry
FN:5,(anonymous_1)
FN:7,(anonymous_2)
FNF:3
FNH:3
FNDA:2,curry
FNDA:2,(anonymous_1)
FNDA:1,(anonymous_2)
DA:1,54
DA:2,54
DA:5,2
DA:6,2
DA:7,1
DA:8,1
DA:13,1
DA:17,54
LF:8
LH:8
BRDA:4,0,0,0
BRDA:6,1,0,1
BRDA:6,1,1,1
BRF:3
BRH:2
end_of_record
TN:
SF:/home/august/projects/open-source/rambda/modules/path.js
FN:1,path
FN:3,(anonymous_1)
FNF:2
FNH:2
FNDA:8,path
FNDA:4,(anonymous_1)
DA:2,8
DA:3,4
DA:6,4
DA:7,4
DA:8,4
DA:9,1
DA:11,4
DA:12,10
DA:13,1
DA:15,9
DA:16,9
DA:19,3
DA:22,54
LF:13
LH:13
BRDA:2,0,0,4
BRDA:2,0,1,4
BRDA:8,1,0,1
BRDA:8,1,1,3
BRDA:12,2,0,1
BRDA:12,2,1,9
BRF:6
BRH:6
end_of_record
TN:
SF:/home/august/projects/open-source/rambda/modules/pick.js
FN:1,pick
FN:3,(anonymous_1)
FNF:2
FNH:2
FNDA:4,pick
FNDA:2,(anonymous_1)
DA:2,4
DA:3,2
DA:5,2
DA:6,2
DA:7,2
DA:8,6
DA:9,3
DA:11,6
DA:14,2
DA:17,54
LF:10
LH:10
BRDA:2,0,0,2
BRDA:2,0,1,2
BRDA:8,1,0,3
BRDA:8,1,1,3
BRF:4
BRH:4
end_of_record
TN:
SF:/home/august/projects/open-source/rambda/modules/pluck.js
FN:3,pluck
FN:5,(anonymous_1)
FN:9,(anonymous_2)
FNF:3
FNH:3
FNDA:2,pluck
FNDA:1,(anonymous_1)
FNDA:2,(anonymous_2)
DA:1,54
DA:4,2
DA:5,1
DA:7,1
DA:8,1
DA:10,2
DA:11,2
DA:16,1
DA:19,54
LF:9
LH:9
BRDA:4,0,0,1
BRDA:4,0,1,1
BRDA:10,1,0,2
BRDA:10,1,1,0
BRF:4
BRH:3
end_of_record
TN:
SF:/home/august/projects/open-source/rambda/modules/prepend.js
FN:1,prepend
FN:3,(anonymous_1)
FNF:2
FNH:2
FNDA:3,prepend
FNDA:1,(anonymous_1)
DA:2,3
DA:3,1
DA:6,2
DA:7,2
DA:9,2
DA:12,54
LF:6
LH:6
BRDA:2,0,0,1
BRDA:2,0,1,2
BRF:2
BRH:2
end_of_record
TN:
SF:/home/august/projects/open-source/rambda/modules/prop.js
FN:1,prop
FN:3,(anonymous_1)
FNF:2
FNH:2
FNDA:11,prop
FNDA:8,(anonymous_1)
DA:2,11
DA:3,8
DA:6,8
DA:9,54
LF:4
LH:4
BRDA:2,0,0,3
BRDA:2,0,1,8
BRF:2
BRH:2
end_of_record
TN:
SF:/home/august/projects/open-source/rambda/modules/propEq.js
FN:1,propEq
FN:3,(anonymous_1)
FN:5,(anonymous_2)
FNF:3
FNH:3
FNDA:23,propEq
FNDA:1,(anonymous_1)
FNDA:14,(anonymous_2)
DA:2,23
DA:3,1
DA:4,22
DA:5,14
DA:8,14
DA:11,54
LF:6
LH:6
BRDA:2,0,0,1
BRDA:2,0,1,22
BRDA:4,1,0,8
BRDA:4,1,1,14
BRF:4
BRH:4
end_of_record
TN:
SF:/home/august/projects/open-source/rambda/modules/range.js
FN:1,range
FNF:1
FNH:1
FNDA:1,range
DA:2,1
DA:3,1
DA:4,10
DA:7,1
DA:10,54
LF:5
LH:5
BRF:0
BRH:0
end_of_record
TN:
SF:/home/august/projects/open-source/rambda/modules/reduce.js
FN:1,reduce
FN:3,(anonymous_1)
FN:6,(anonymous_2)
FNF:3
FNH:3
FNDA:6,reduce
FNDA:1,(anonymous_1)
FNDA:2,(anonymous_2)
DA:2,6
DA:3,1
DA:4,5
DA:6,2
DA:9,3
DA:12,54
LF:6
LH:6
BRDA:2,0,0,1
BRDA:2,0,1,5
BRDA:4,1,0,2
BRDA:4,1,1,3
BRF:4
BRH:4
end_of_record
TN:
SF:/home/august/projects/open-source/rambda/modules/repeat.js
FN:1,repeat
FN:3,(anonymous_1)
FNF:2
FNH:2
FNDA:4,repeat
FNDA:1,(anonymous_1)
DA:2,4
DA:3,1
DA:5,3
DA:7,3
DA:10,54
LF:5
LH:5
BRDA:2,0,0,1
BRDA:2,0,1,3
BRF:2
BRH:2
end_of_record
TN:
SF:/home/august/projects/open-source/rambda/modules/replace.js
FN:1,replace
FN:3,(anonymous_1)
FN:5,(anonymous_2)
FNF:3
FNH:3
FNDA:4,replace
FNDA:1,(anonymous_1)
FNDA:1,(anonymous_2)
DA:2,4
DA:3,1
DA:4,3
DA:5,1
DA:8,2
DA:11,54
LF:6
LH:6
BRDA:2,0,0,1
BRDA:2,0,1,3
BRDA:4,1,0,1
BRDA:4,1,1,2
BRF:4
BRH:4
end_of_record
TN:
SF:/home/august/projects/open-source/rambda/modules/sort.js
FN:1,sort
FN:3,(anonymous_1)
FNF:2
FNH:2
FNDA:4,sort
FNDA:2,(anonymous_1)
DA:2,4
DA:3,2
DA:5,2
DA:7,2
DA:10,54
LF:5
LH:5
BRDA:2,0,0,2
BRDA:2,0,1,2
BRF:2
BRH:2
end_of_record
TN:
SF:/home/august/projects/open-source/rambda/modules/sortBy.js
FN:1,sortBy
FN:3,(anonymous_1)
FN:7,(anonymous_2)
FNF:3
FNH:3
FNDA:6,sortBy
FNDA:1,(anonymous_1)
FNDA:13,(anonymous_2)
DA:2,6
DA:3,1
DA:5,5
DA:7,5
DA:8,13
DA:9,13
DA:10,13
DA:18,54
LF:8
LH:8
BRDA:2,0,0,1
BRDA:2,0,1,5
BRDA:10,1,0,2
BRDA:10,1,1,11
BRDA:12,2,0,9
BRDA:12,2,1,2
BRF:6
BRH:6
end_of_record
TN:
SF:/home/august/projects/open-source/rambda/modules/split.js
FN:1,split
FN:3,(anonymous_1)
FNF:2
FNH:2
FNDA:7,split
FNDA:3,(anonymous_1)
DA:2,7
DA:3,3
DA:6,4
DA:9,54
LF:4
LH:4
BRDA:2,0,0,3
BRDA:2,0,1,4
BRF:2
BRH:2
end_of_record
TN:
SF:/home/august/projects/open-source/rambda/modules/splitEvery.js
FN:1,splitEvery
FN:3,(anonymous_1)
FNF:2
FNH:2
FNDA:5,splitEvery
FNDA:2,(anonymous_1)
DA:2,5
DA:3,2
DA:5,3
DA:9,3
DA:10,3
DA:11,3
DA:12,9
DA:15,3
DA:18,54
LF:9
LH:9
BRDA:2,0,0,2
BRDA:2,0,1,3
BRDA:5,1,0,2
BRDA:5,1,1,1
BRF:4
BRH:4
end_of_record
TN:
SF:/home/august/projects/open-source/rambda/modules/subtract.js
FN:1,subtract
FN:3,(anonymous_1)
FNF:2
FNH:2
FNDA:12,subtract
FNDA:1,(anonymous_1)
DA:2,12
DA:3,1
DA:6,11
DA:9,54
LF:4
LH:4
BRDA:2,0,0,1
BRDA:2,0,1,11
BRF:2
BRH:2
end_of_record
TN:
SF:/home/august/projects/open-source/rambda/modules/tail.js
FN:2,tail
FNF:1
FNH:1
FNDA:9,tail
DA:1,54
DA:4,9
DA:7,54
LF:3
LH:3
BRF:0
BRH:0
end_of_record
TN:
SF:/home/august/projects/open-source/rambda/modules/take.js
FN:3,take
FN:5,(anonymous_1)
FNF:2
FNH:2
FNDA:7,take
FNDA:2,(anonymous_1)
DA:1,54
DA:4,7
DA:5,2
DA:6,5
DA:7,1
DA:10,4
DA:13,54
LF:7
LH:7
BRDA:4,0,0,2
BRDA:4,0,1,5
BRDA:6,1,0,1
BRDA:6,1,1,4
BRF:4
BRH:4
end_of_record
TN:
SF:/home/august/projects/open-source/rambda/modules/takeLast.js
FN:3,takeLast
FN:5,(anonymous_1)
FNF:2
FNH:2
FNDA:10,takeLast
FNDA:2,(anonymous_1)
DA:1,54
DA:4,10
DA:5,2
DA:7,8
DA:8,8
DA:12,8
DA:13,2
DA:15,6
DA:17,6
DA:20,54
LF:10
LH:10
BRDA:4,0,0,2
BRDA:4,0,1,8
BRDA:8,1,0,3
BRDA:8,1,1,5
BRDA:12,2,0,2
BRDA:12,2,1,6
BRF:6
BRH:6
end_of_record
TN:
SF:/home/august/projects/open-source/rambda/modules/testFn.js
FN:1,test
FN:3,(anonymous_1)
FNF:2
FNH:2
FNDA:3,test
FNDA:1,(anonymous_1)
DA:2,3
DA:3,1
DA:6,2
DA:11,54
LF:4
LH:4
BRDA:2,0,0,1
BRDA:2,0,1,2
BRDA:6,1,0,1
BRDA:6,1,1,1
BRF:4
BRH:4
end_of_record
TN:
SF:/home/august/projects/open-source/rambda/modules/toLower.js
FN:1,toLower
FNF:1
FNH:1
FNDA:15,toLower
DA:3,15
DA:6,54
LF:2
LH:2
BRF:0
BRH:0
end_of_record
TN:
SF:/home/august/projects/open-source/rambda/modules/toUpper.js
FN:1,toUpper
FNF:1
FNH:1
FNDA:11,toUpper
DA:3,11
DA:6,54
LF:2
LH:2
BRF:0
BRH:0
end_of_record
TN:
SF:/home/august/projects/open-source/rambda/modules/trim.js
FN:1,trim
FNF:1
FNH:1
FNDA:1,trim
DA:3,1
DA:6,54
LF:2
LH:2
BRF:0
BRH:0
end_of_record
TN:
SF:/home/august/projects/open-source/rambda/modules/type.js
FN:1,type
FNF:1
FNH:1
FNDA:143,type
DA:2,143
DA:4,3
DA:5,140
DA:7,9
DA:8,131
DA:10,4
DA:11,127
DA:13,63
DA:14,64
DA:16,8
DA:17,56
DA:19,2
DA:20,54
DA:22,2
DA:25,52
DA:27,52
DA:28,3
DA:29,49
DA:30,1
DA:31,48
DA:32,7
DA:35,41
DA:38,54
LF:23
LH:23
BRDA:2,0,0,3
BRDA:2,0,1,140
BRDA:5,1,0,9
BRDA:5,1,1,131
BRDA:8,2,0,4
BRDA:8,2,1,127
BRDA:11,3,0,63
BRDA:11,3,1,64
BRDA:14,4,0,8
BRDA:14,4,1,56
BRDA:17,5,0,2
BRDA:17,5,1,54
BRDA:20,6,0,2
BRDA:20,6,1,52
BRDA:27,7,0,3
BRDA:27,7,1,49
BRDA:29,8,0,1
BRDA:29,8,1,48
BRDA:31,9,0,7
BRDA:31,9,1,41
BRDA:31,10,0,48
BRDA:31,10,1,46
BRF:22
BRH:22
end_of_record
TN:
SF:/home/august/projects/open-source/rambda/modules/uniq.js
FN:3,uniq
FNF:1
FNH:1
FNDA:3,uniq
DA:1,54
DA:4,3
DA:5,3
DA:6,3
DA:7,14
DA:8,14
DA:9,7
DA:13,3
DA:16,54
LF:9
LH:9
BRDA:8,0,0,7
BRDA:8,0,1,7
BRF:2
BRH:2
end_of_record
TN:
SF:/home/august/projects/open-source/rambda/modules/update.js
FN:1,update
FN:3,(anonymous_1)
FN:5,(anonymous_2)
FNF:3
FNH:3
FNDA:4,update
FNDA:1,(anonymous_1)
FNDA:1,(anonymous_2)
DA:2,4
DA:3,1
DA:4,3
DA:5,1
DA:7,2
DA:9,2
DA:12,54
LF:7
LH:7
BRDA:2,0,0,1
BRDA:2,0,1,3
BRDA:4,1,0,1
BRDA:4,1,1,2
BRF:4
BRH:4
end_of_record
TN:
SF:/home/august/projects/open-source/rambda/modules/values.js
FN:1,values
FNF:1
FNH:1
FNDA:1,values
DA:2,1
DA:3,1
DA:4,3
DA:7,1
DA:10,54
LF:5
LH:5
BRF:0
BRH:0
end_of_record
